Build target 'Fortior_FOC_FU68x6'
compiling main.c...
compiling AddFunction.c...
compiling Interrupt.c...
compiling MotorControl.c...
compiling MotorControlFunction.c...
compiling MotorProtect.c...
compiling SLEEP.c...
compiling HALL_V0.c...
compiling HallProcess.c...
compiling SeatFun.c...
compiling AntiPinch.c...
compiling ADC.c...
compiling AMP.c...
compiling CMP.c...
compiling DRIVER.c...
compiling I2C.c...
compiling PIInit.c...
compiling TIMER.c...
compiling Lin.c...
compiling FU68xx_6_Flash.c...
compiling OnChipFlash.c...
compiling CAN.c...
Components\CAN.c(38): warning C280: 'EXTID2': unreferenced local variable
compiling CANIF.c...
Components\CANIF.c(102): warning C280: 'u8CanDlc': unreferenced local variable
Components\CANIF.c(104): warning C280: 'u8LocIdx': unreferenced local variable
linking...
Program Size: data=130.2 xdata=997 const=28 code=11644
creating hex file from ".\Output\Fortior_FOC_FU68x6"...
".\Output\Fortior_FOC_FU68x6" - 0 Error(s), 3 Warning(s).
Build Time Elapsed:  00:00:02
