C51 COMPILER V9.57.0.0   AMP                                                               06/22/2026 16:13:59 PAGE 1   


C51 COMPILER V9.57.0.0, COMPILATION OF MODULE AMP
OBJECT MODULE PLACED IN .\Output\AMP.obj
COMPILER INVOKED BY: E:\05KeilC51\C51\BIN\C51.EXE ..\User\source\Hardware\AMP.c LARGE OMF2 OPTIMIZE(9,SIZE) BROWSE INCDI
                    -R(..\User\include;..\FU68xx_Hardware_Driver\Include;.\Components) DEBUG PRINT(.\Listings\AMP.lst) TABS(2) OBJECT(.\Outpu
                    -t\AMP.obj)

line level    source

   1          /**
   2           * @copyright (C) COPYRIGHT 2022 Fortiortech Shenzhen
   3           * @file      xxx.c
   4           * @author    Fortiortech  Appliction Team
   5           * @since     Create:2022-08-05
   6           * @date      Last modify:2022-08-05
   7           * @note      Last modify author is Leo.li
   8           * @brief
   9           */
  10          #include <definition.h>
  11          #include <Customer.h>
  12          #include <Parameter.h>
  13          #include <AMP.h>
  14          
  15          
  16          /** 
  17           * @brief        У┐љТћЙтѕЮтДІтїќ
  18           * @date         2022-09-13
  19           */
  20          void AMP_Init(void)
  21          {
  22   1          #if ((Shunt_Resistor_Mode == Single_Resistor)||(Shunt_Resistor_Mode == New_Single_Resistor))//тЇЋућхжў
             -╗ТеАт╝Ј
  23   1          {
  24   2              /* ----AMP уФ»тЈБТеАТІЪтіЪУЃйУ«Йуй«---- */
  25   2              #if (HW_AMP_MODE == AMP_NOMAL) //тцќжЃеТћЙтцД
                      {
                          SetBit(P3_AN, P31);             //AMP0 PinУ«Йуй«СИ║ТеАТІЪТеАт╝Ј  +
                          SetBit(P3_AN, P30);             //AMP0 PinУ«Йуй«СИ║ТеАТІЪТеАт╝Ј  -
                          SetBit(P2_AN, P27);             //AMP0 PinУ«Йуй«СИ║ТеАТІЪТеАт╝Ј  O
                          SetBit(AMP_CR0, AMP0EN);        //AMP0 Enable
                          
                          ClrBit(AMP_CR1, AMP0_GAIN2);
                          ClrBit(AMP_CR1, AMP0_GAIN1);
                          ClrBit(AMP_CR1, AMP0_GAIN0);
                      }
                      #else       // тєЁжЃеPGAтЈїуФ»ти«тѕєУЙЊтЁЦ
  37   2              {
  38   3                  SetBit(P3_AN, P31);             //AMP0 PinУ«Йуй«СИ║ТеАТІЪТеАт╝Ј  +
  39   3                  SetBit(P3_AN, P30);             //AMP0 PinУ«Йуй«СИ║ТеАТІЪТеАт╝Ј  -
  40   3                  SetBit(P2_AN, P27);             //AMP0 PinУ«Йуй«СИ║ТеАТІЪТеАт╝Ј  O
  41   3                  
  42   3                  ClrBit(AMP_CR0, AMP0M_GND);     // удЂТГбУ┐љТћЙтЈЇтљЉУЙЊтЁЦуФ»тєЁжЃеТјЦтю░
  43   3                  SetBit(AMP_CR0, AMP0EN);        //AMP0 Enable
  44   3                  
  45   3                  #if (HW_AMPGAIN == AMP2x)
                          {
                              ClrBit(AMP_CR1, AMP0_GAIN2);
                              ClrBit(AMP_CR1, AMP0_GAIN1);
                              SetBit(AMP_CR1, AMP0_GAIN0);
                          }
                          #elif (HW_AMPGAIN == AMP4x)
                          {
C51 COMPILER V9.57.0.0   AMP                                                               06/22/2026 16:13:59 PAGE 2   

                              ClrBit(AMP_CR1, AMP0_GAIN2);
                              SetBit(AMP_CR1, AMP0_GAIN1);
                              ClrBit(AMP_CR1, AMP0_GAIN0);
                          }
                          #elif (HW_AMPGAIN == AMP8x)
                          {
                              ClrBit(AMP_CR1, AMP0_GAIN2);
                              SetBit(AMP_CR1, AMP0_GAIN1);
                              SetBit(AMP_CR1, AMP0_GAIN0);
                          }
                          #elif (HW_AMPGAIN == AMP16x)
  64   3                  {
  65   4                      SetBit(AMP_CR1, AMP0_GAIN2);
  66   4                      ClrBit(AMP_CR1, AMP0_GAIN1);
  67   4                      ClrBit(AMP_CR1, AMP0_GAIN0);
  68   4                  }
  69   3                  #endif
  70   3              }
  71   2              #endif
  72   2          }
  73   1          #else   // тЈї СИЅућхжў╗жЄЄТаи
                  {
                      SetBit(P1_AN, P16);             //AMP1 PinУ«Йуй«СИ║ТеАТІЪТеАт╝Ј  +
                      SetBit(P1_AN, P17);             //AMP1 PinУ«Йуй«СИ║ТеАТІЪТеАт╝Ј  -
                      SetBit(P2_AN, P20);             //AMP1 PinУ«Йуй«СИ║ТеАТІЪТеАт╝Ј  O
              
                      SetBit(P2_AN, P21);             //AMP2 PinУ«Йуй«СИ║ТеАТІЪТеАт╝Ј  +
                      SetBit(P2_AN, P22);             //AMP2 PinУ«Йуй«СИ║ТеАТІЪТеАт╝Ј  -
                      SetBit(P2_AN, P23);             //AMP2 PinУ«Йуй«СИ║ТеАТІЪТеАт╝Ј  O
                      ClrBit(P2_OE, P23);             //P23_OEжюђУдЂт╝║тѕХСИ║0№╝їудЂТГбDA1УЙЊтЄ║УЄ│PAD
              
                      SetBit(P3_AN, P31);             //AMP0 PinУ«Йуй«СИ║ТеАТІЪТеАт╝Ј  +
                      SetBit(P3_AN, P30);             //AMP0 PinУ«Йуй«СИ║ТеАТІЪТеАт╝Ј  -
                      SetBit(P2_AN, P27);             //AMP0 PinУ«Йуй«СИ║ТеАТІЪТеАт╝Ј  O
                      SetBit(AMP_CR0, AMP0EN);         //AMP0 Enable
                      SetBit(AMP_CR0, AMP1EN);         //AMP1 Enable
                      SetBit(AMP_CR0, AMP2EN);         //AMP2 Enable
                      
                      #if (HW_AMP_MODE == AMP_NOMAL)      //тцќжЃеТћЙтцД
                      {
                          ClrBit(AMP_CR1, AMP0_GAIN2);
                          ClrBit(AMP_CR1, AMP0_GAIN1);
                          ClrBit(AMP_CR1, AMP0_GAIN0);
                  
                          ClrBit(AMP_CR1, AMP_PH_GAIN2);
                          ClrBit(AMP_CR1, AMP_PH_GAIN1);
                          ClrBit(AMP_CR1, AMP_PH_GAIN0);
                      }
                      #else
                      {
                          #if (HW_AMPGAIN == AMP2x)
                          {
                              ClrBit(AMP_CR1, AMP0_GAIN2);
                              ClrBit(AMP_CR1, AMP0_GAIN1);
                              SetBit(AMP_CR1, AMP0_GAIN0);
                  
                              ClrBit(AMP_CR1, AMP_PH_GAIN2);
                              ClrBit(AMP_CR1, AMP_PH_GAIN1);
                              SetBit(AMP_CR1, AMP_PH_GAIN0);
                          }
                          #elif (HW_AMPGAIN == AMP4x)
                          {
C51 COMPILER V9.57.0.0   AMP                                                               06/22/2026 16:13:59 PAGE 3   

                              ClrBit(AMP_CR1, AMP0_GAIN2);
                              SetBit(AMP_CR1, AMP0_GAIN1);
                              ClrBit(AMP_CR1, AMP0_GAIN0);
                  
                              ClrBit(AMP_CR1, AMP_PH_GAIN2);
                              SetBit(AMP_CR1, AMP_PH_GAIN1);
                              ClrBit(AMP_CR1, AMP_PH_GAIN0);
                          }
                          #elif (HW_AMPGAIN == AMP8x)
                          {
                              ClrBit(AMP_CR1, AMP0_GAIN2);
                              SetBit(AMP_CR1, AMP0_GAIN1);
                              SetBit(AMP_CR1, AMP0_GAIN0);
                  
                              ClrBit(AMP_CR1, AMP_PH_GAIN2);
                              SetBit(AMP_CR1, AMP_PH_GAIN1);
                              SetBit(AMP_CR1, AMP_PH_GAIN0);
                          }
                          #elif (HW_AMPGAIN == AMP16x)
                          {
                              SetBit(AMP_CR1, AMP0_GAIN2);
                              ClrBit(AMP_CR1, AMP0_GAIN1);
                              ClrBit(AMP_CR1, AMP0_GAIN0);
                  
                              SetBit(AMP_CR1, AMP_PH_GAIN2);
                              ClrBit(AMP_CR1, AMP_PH_GAIN1);
                              ClrBit(AMP_CR1, AMP_PH_GAIN0);
                          }
                          #endif
                      }
                      #endif
                  }
                  #endif
 148   1      }


MODULE INFORMATION:   STATIC OVERLAYABLE
   CODE SIZE        =     45    ----
   CONSTANT SIZE    =   ----    ----
   XDATA SIZE       =   ----    ----
   PDATA SIZE       =   ----    ----
   DATA SIZE        =   ----    ----
   IDATA SIZE       =   ----    ----
   BIT SIZE         =   ----    ----
   EDATA SIZE       =   ----    ----
   HDATA SIZE       =   ----    ----
   XDATA CONST SIZE =   ----    ----
   FAR CONST SIZE   =   ----    ----
END OF MODULE INFORMATION.


C51 COMPILATION COMPLETE.  0 WARNING(S),  0 ERROR(S)
