C51 COMPILER V9.57.0.0   CAN                                                               06/25/2026 14:57:20 PAGE 1   


C51 COMPILER V9.57.0.0, COMPILATION OF MODULE CAN
OBJECT MODULE PLACED IN .\Output\CAN.obj
COMPILER INVOKED BY: E:\05KeilC51\C51\BIN\C51.EXE Components\CAN.c LARGE OMF2 OPTIMIZE(9,SIZE) BROWSE INCDIR(..\User\inc
                    -lude;..\FU68xx_Hardware_Driver\Include;.\Components) DEBUG PRINT(.\Listings\CAN.lst) TABS(2) OBJECT(.\Output\CAN.obj)

line level    source

   1          /**
   2           * @copyright (C) COPYRIGHT 2022 Fortiortech Shenzhen
   3           * @file      main.c
   4           * @author    Fortiortech  Appliction Team
   5           * @since     Create:2022-12-29
   6           * @date      Last modify:2022-12-29
   7           * @note      Last modify author is Leo.li
   8           * @brief     Can Init/ Send /Receive/deal with
   9           */
  10          
  11          
  12          #include <MyProject.h>
  13          #include <CANIF.h>
  14          
  15          CAN_Data xdata CAN_strRxPduTemp; 
  16          uint8 xdata CAN_u8SoftErrorType;
  17          uint8 xdata CAN_u8DrvState;
  18          uint8 xdata CAN_u8RecoverCnt;
  19          uint16 xdata CAN_u16StateTimCnt;
  20          
  21          /*********************************************************************************************************
             -*****/
  22          /**
  23          * @brief     Canๅๅงๅ
  24          * @date      2022-12-29
  25          */
  26          void CAN_vidInit(void)
  27          {
  28   1          uint8   IDE_FIL;
  29   1          uint16  BRP;
  30   1          uint8   SEG2;
  31   1          uint8   SEG1;
  32   1          uint8   CAN_IDE;
  33   1          uint8   CAN_RTR;
  34   1          uint8   u8LocCanBTR0;
  35   1          uint8   u8LocCanBTR1;
  36   1          uint8   u8LocCanBTR2;
  37   1          uint32  EXTID1;
  38   1          uint32  EXTID2;
  39   1      #if (ID_MOD == 0)
                  uint8   Data0;
                  uint8   Data1;
                  uint32  STDID1;
                  uint32  STDID2;
              #endif
  45   1      
  46   1          CAN_u8SoftErrorType = CAN_ERR_NONE;
  47   1          CAN_u8DrvState = CAN_SM_IDLE;
  48   1          CAN_u8RecoverCnt = 0;
  49   1          
  50   1      #if (CAN_TRCV_SLEEP_ENA == STD_ON)
  51   1          /*****้็ฝฎๅค้จCanๆถๅๅจไฝฟ่ฝๅผ่ *****/
  52   1         SetBit(P0_OE, PIN7);
  53   1         /*  ๆถๅๅจไผ็ ็ฎก่ไธไธๆใ     */
C51 COMPILER V9.57.0.0   CAN                                                               06/25/2026 14:57:20 PAGE 2   

  54   1         ClrBit(P0_PU, PIN7); 
  55   1         /*  ่พๅบไฝๆๆ๏ผไฝฟ่ฝๅค้จCANๆถๅๅจ   */
  56   1         GP07 = 0;
  57   1      #endif
  58   1      
  59   1          /***************************ๆธ0้ฟๅๅๅฅbug**************************************/
  60   1          u8LocCanBTR0 = 0;
  61   1          u8LocCanBTR1 = 0;
  62   1          u8LocCanBTR2 = 0;
  63   1          CAN_BTR0 = 0;
  64   1          CAN_BTR1 = 0;
  65   1          CAN_BTR2 = 0;
  66   1          
  67   1          /*  ่ฏฅไฝๅๅฎไนไบไธบไบ้ๆฐๅๆญฅ๏ผๅจๆฏไฝไธญๅฏไปฅๅปถ้ฟๆ็ผฉ็ญๅคๅฐไธชๆถ้ดๅๅ็ไธ
             -้tRESYN */
  68   1          /*  tRESYN=tq*(RESYN[1:0]+1)                                                   */
  69   1          //u8LocCanBTR0 |= SJW1;
  70   1          //u8LocCanBTR0 |= SJW0;
  71   1      
  72   1          /*****************  ๆถ้ด่งฆๅ้ๆ ทๆจกๅผ        0๏ผ็ฆๆญข     1๏ผไฝฟ่ฝ     ********************
             -******/
  73   1          //u8LocCanBTR2  |= TTCM;
  74   1          
  75   1          /****************** ๅ่ฝ๏ผCANๆจกๅๆณข็น็่ฎพ็ฝฎ    *************************************/
  76   1          /*  1M ๏ผBRP  = 3; SEG2 = 0; SEG1 = 3;      */
  77   1          /*  500K ๏ผBRP  = 5; SEG2 = 0; SEG1 = 5;    */
  78   1          BRP  = 3;                     //่ๅด0-0x3FF           ๆถ้ดๅๅtq=(BRP+1)/ 24MHz
  79   1          SEG2 = 0;                     //่ๅด0-0x07            ๆถ้ดๆฎต2ๆถ้ด้ฟๅบฆtSEG2=tq*(SEG2+1)
  80   1          SEG1 = 3;                     //่ๅด0-0x0F            ๆถ้ดๆฎต1ๆถ้ด้ฟๅบฆtSEG1=tq*(SEG1+1)
  81   1      
  82   1          u8LocCanBTR0 |= (BRP >> 8);
  83   1          u8LocCanBTR1  =  BRP;
  84   1          u8LocCanBTR2 |= (SEG2 << 4) | SEG1;
  85   1      
  86   1          CAN_BTR0 = u8LocCanBTR0;
  87   1          CAN_BTR1 = u8LocCanBTR1;
  88   1          CAN_BTR2 = u8LocCanBTR2;
  89   1      
  90   1          IDE_FIL = 0;                                                             //้ๆฉ่ฟๆปคๆจกๅผ๏ผ1๏ผ่ฟ
             -ๆปคๆฉๅฑๅธง 0๏ผ่ฟๆปคๆ ๅๅธง
  91   1          #if (FIL_SIN == 1)                                                       //ๅ่ฟๆปคๆจกๅผ
  92   1          {
  93   2              SetBit(CAN_CR0, FILMOD);
  94   2              #if (ID_MOD == 1)                                                    //่ฟๆปคๆฉๅฑๅธง
  95   2              {
  96   3                  EXTID1   = 0x1FFFFFFF;                                           //0-0x1FFF
  97   3                  CAN_IDE  = 1;                                                    //่ฟๆปคๆฉๅฑๅธง
  98   3                  CAN_RTR  = 1;                                                    //่ฟๆปค่ฟ็จๅธง
  99   3                  CAN_FIR0 = EXTID1 >> 21;
 100   3                  CAN_FIR1 = ((EXTID1 >> 18) & 0xE0) | (CAN_IDE << 3) | (CAN_RTR << 4) | ((EXTID1 >> 15) & 0x07)
             -;
 101   3                  CAN_FIR2 = EXTID1 >> 7;
 102   3                  CAN_FIR3 = EXTID1 << 1;
 103   3                  CAN_FMR0 = 0xFF;
 104   3                  CAN_FMR1 = 0xFF;
 105   3                  CAN_FMR2 = 0xFF;
 106   3                  CAN_FMR3 = 0xFF;
 107   3              }
 108   2              #else                                                                //่ฟๆปคๆ ๅๅธง
                      {
                          STDID1 = 0x7FF;                                                  //0-0x7FF
                          CAN_IDE = 1;                                                     //่ฟๆปคๆฉๅฑๅธง
C51 COMPILER V9.57.0.0   CAN                                                               06/25/2026 14:57:20 PAGE 3   

                          CAN_RTR = 1;                                                     //่ฟๆปค่ฟ็จๅธง
                          Data0   = 0xFF;                                                  //่ฟๆปค็ฌฌไธๅญ่
                          Data1   = 0xFF;                                                  //่ฟๆปค็ฌฌไบๅญ่
                          CAN_FIR0 = STDID1 >> 3;
                          CAN_FIR1 = ((STDID1 << 5) & 0xE0) | (CAN_IDE << 3) | (CAN_RTR << 4);
                          CAN_FIR2 = Data0;
                          CAN_FIR3 = Data1;
                          CAN_FMR0 = 0xFF;
                          CAN_FMR1 = 0xFF;
                          CAN_FMR2 = 0xFF;
                          CAN_FMR3 = 0xFF;
                      }
                      #endif
 125   2          }
 126   1          #else                                                                    //ๅ่ฟๆปคๆจกๅผ
                  {
                      ClrBit(CAN_CR0, FILMOD);
                      #if (ID_MOD == 1)                                                    //่ฟๆปคๆฉๅฑๅธง
                      {
                          EXTID1 = 0x1FFFFFFF;                                             //0-0x1FFF8000๏ผๅชๅฏๆดๆน
             -EXTID1[15]-[28]
                          EXTID2 = 0x1FFFFFFF;                                             //0-0x1FFF8000๏ผๅชๅฏๆดๆน
             -EXTID1[15]-[28]
                          CAN_IDE = 1;                                                     //่ฟๆปคๆฉๅฑๅธง
                          CAN_RTR = 1;                                                     //่ฟๆปค่ฟ็จๅธง
                          CAN_FIR0 = EXTID1 >> 21;
                          CAN_FIR1 = ((EXTID1 >> 18) & 0xE0) | (CAN_IDE << 3) | (CAN_RTR << 4) | ((EXTID2 >> 15) & 0x07)
             -;
                          CAN_FIR0 = EXTID2 >> 21;
                          CAN_FIR1 = ((EXTID2 >> 18) & 0xE0) | (CAN_IDE << 3) | (CAN_RTR << 4) | ((EXTID2 >> 15) & 0x07)
             -;
                          CAN_FMR0 = 0xFF;
                          CAN_FMR1 = 0xFF;
                          CAN_FMR2 = 0xFF;
                          CAN_FMR3 = 0xFF;
                      }
                      #else                                                                 //่ฟๆปคๆ ๅๅธง
                      {
                          STDID1   = 0x7FF;                                                 //0-0x7FF
                          STDID2   = 0x7FF;                                                 //0-0x7FF
                          CAN_IDE  = 1;                                                     //่ฟๆปคๆฉๅฑๅธง
                          CAN_RTR  = 1;                                                     //่ฟๆปค่ฟ็จๅธง
                          CAN_FIR0 = STDID1 >> 3;
                          CAN_FIR1 = ((STDID1 << 5) & 0xE0) | (CAN_IDE << 3) | (CAN_RTR << 4) ;
                          CAN_FIR2 = STDID2 >> 3;
                          CAN_FIR3 = ((STDID2 << 5) & 0xE0) | (CAN_IDE << 3) | (CAN_RTR << 4) ;
                          CAN_FMR0 = 0xFF;
                          CAN_FMR1 = 0xFF;
                          CAN_FMR2 = 0xFF;
                          CAN_FMR3 = 0xFF;
                      }
                      #endif
                  }
                  #endif
 162   1      
 163   1          /*---------------------CANๅ่ฎฎ็ๆฌ-----------------------------------*/
 164   1          /*-------------------0๏ผCAN2.0A/B๏ผๆฏๆๆ ๅๅธงใๆฉๅฑๅธง-----------------/
 165   1          /*------------------------1๏ผCAN1.0๏ผไปๆฏๆๆ ๅๅธง--------------------*/
 166   1          ClrBit(CAN_CR0, CANREV);
 167   1          /*ๅฝๆฃๆตๅฐๆป็บฟๆดปๅจๅ๏ผ็กฌไปถ่ชๅจๅฏนCAN_CR1[SLEEP]ๆธ0ๆฅๅค้CAN*/
 168   1          ClrBit(CAN_CR0, WAKMOD);      
 169   1      
C51 COMPILER V9.57.0.0   CAN                                                               06/25/2026 14:57:20 PAGE 4   

 170   1          /*----------------LISTEN็ฝฎ1 ็ๅฌๆจกๅผไฝฟ่ฝ--------------*/
 171   1          /*----------------SELFTST็ฝฎ1 ่ชๆตๆจกๅผไฝฟ่ฝ--------------*/
 172   1          ClrBit(CAN_CR0, SELFTST);
 173   1          ClrBit(CAN_CR0, LISTEN );
 174   1          /*ๅจๅคไฝๆจกๅผไธ๏ผCANๆงๅถๅจๅคไบๅคไฝ็ถๆ๏ผไธๅฏไปฅๆฅๆถๆๅ้ๆฅๆใๅฏนCAN_CR0[RS
             -TMOD]ๆธโ0โไปฅ่ฟๅฅๅคไฝๆจกๅผ*/
 175   1          //  ClrBit(CAN_CR0, RSTMOD);
 176   1          
 177   1      #if (CAN_ISR_ENABLE == STD_ON)
 178   1          /* ไธญๆญๅผๅฏ้ๆฉ */
 179   1          SetBit(CAN_IER, ETYIE | BOFIE | PERIE | ERWIE | OVIE | ARBIE | TXIE | RXIE); 
 180   1      #endif
 181   1      
 182   1          /* ็ซฏๅฃ่ฝฌ็งป๏ผ0:txdโP00,rxdโP01 1:txdโP05,rxdโP06 */
 183   1          SetBit(CAN_CR0, CAN_CH);
 184   1      
 185   1          /* 1msๅฎๆถไธญๆญไผๅ็บงๅซไธบ1 */
 186   1          SetBit(IP2, PRTC1);
 187   1          SetBit(IP2, PRTC0);
 188   1      
 189   1          CAN_TEC = 0;
 190   1          CAN_REC = 0;
 191   1      
 192   1          CAN_u8DrvState = CAN_SM_NORMAL;
 193   1          /* CANๆจกๅไฝฟ่ฝ */
 194   1          SetBit(CAN_CR0, CANEN); 
 195   1      }
*** WARNING C280 IN LINE 38 OF Components\CAN.c: 'EXTID2': unreferenced local variable
 196          
 197          /* ๅฝๆฐๅ็งฐ๏ผCAN_vidReadFrame
 198           * ๅฝๆฐๅ่ฝ๏ผCANๆฅๆๆฅๆถ
 199           * ๅๆฐ่ฏดๆ๏ผ
 200           * ๆณจๆไบ้กน๏ผ่ฅๅผๅฏไธญๆญ๏ผ้่ฆๆณจ้ๆSetBit(CAN_CR1, BUFRLS);
 201           */
 202          void CAN_vidReadFrame(void)
 203          {
 204   1          uint8 rdptr;
 205   1          uint8 u8LocValidFrmFlg;
 206   1          
 207   1          /*้่ฟ CAN_CR2 ็ไฝ 2 ไฝ๏ผRDPTR1 ๅ RDPTR0๏ผ็กฎๅฎๅฝๅๆฅๆถ็ผๅฒๅบ็ดขๅผ*/
 208   1          rdptr = CAN_CR2 & (RDPTR1 | RDPTR0);
 209   1          u8LocValidFrmFlg = STD_TRUE;
 210   1          
 211   1          switch (rdptr)
 212   1          {
 213   2              /*  rdptr = 0b00๏ผๅฏนๅบ RX0 ็ผๅฒๅบ */
 214   2              case (0 | 0):
 215   2                  CAN_strRxPduTemp.CAN_IDE = ( CAN_RX0CR & 0x80 );            /*ๆฉๅฑ ID ๆ ๅฟ๏ผ1 ่กจ็คบๆฉๅฑ
             -ๅธง๏ผ*/
 216   2                  CAN_strRxPduTemp.CAN_RTR = ( CAN_RX0CR & 0x40 );            /*่ฟ็จๅธงๆ ๅฟ๏ผ1 ่กจ็คบ่ฟ็จ
             -ๅธง๏ผ*/
 217   2                  CAN_strRxPduTemp.CAN_DLC = ( CAN_RX0CR & 0x0F );            /*ๆฐๆฎ้ฟๅบฆ๏ผ0~8๏ผ*/
 218   2                  
 219   2                  if (CAN_strRxPduTemp.CAN_IDE)                              
 220   2                  {
 221   3                       /*ๆฉๅฑๅธง ID */
 222   3                      CAN_strRxPduTemp.u32CanId = 0;
 223   3                      /*ๆฉๅฑๅธง้ซ8ไฝ*/
 224   3                      CAN_strRxPduTemp.u32CanId |= (uint32)CAN_RX0ID0 << 21;
 225   3                      CAN_strRxPduTemp.u32CanId |= (uint32)CAN_RX0ID1 << 13;
 226   3                      CAN_strRxPduTemp.u32CanId |= (uint32)CAN_RX0ID2 << 5 ;
 227   3                      CAN_strRxPduTemp.u32CanId |= (uint32)CAN_RX0ID3 >> 4 ;
C51 COMPILER V9.57.0.0   CAN                                                               06/25/2026 14:57:20 PAGE 5   

 228   3                  }
 229   2                  else
 230   2                  {
 231   3                      /*ๆ ๅๅธง ID */
 232   3                      CAN_strRxPduTemp.u32CanId = 0;
 233   3                      CAN_strRxPduTemp.u32CanId |= CAN_RX0ID0 << 3;
 234   3                      CAN_strRxPduTemp.u32CanId |= CAN_RX0ID1 >> 5;
 235   3                  }
 236   2                  
 237   2                  CAN_strRxPduTemp.CanData[0] = CAN_RX0DR0;
 238   2                  CAN_strRxPduTemp.CanData[1] = CAN_RX0DR1;
 239   2                  CAN_strRxPduTemp.CanData[2] = CAN_RX0DR2;
 240   2                  CAN_strRxPduTemp.CanData[3] = CAN_RX0DR3;
 241   2                  CAN_strRxPduTemp.CanData[4] = CAN_RX0DR4;
 242   2                  CAN_strRxPduTemp.CanData[5] = CAN_RX0DR5;
 243   2                  CAN_strRxPduTemp.CanData[6] = CAN_RX0DR6;
 244   2                  CAN_strRxPduTemp.CanData[7] = CAN_RX0DR7;
 245   2                  break;
 246   2                  
 247   2              case (0 | RDPTR0):
 248   2                  CAN_strRxPduTemp.CAN_IDE = ( CAN_RX1CR & 0x80 );
 249   2                  CAN_strRxPduTemp.CAN_RTR = ( CAN_RX1CR & 0x40 );
 250   2                  CAN_strRxPduTemp.CAN_DLC = ( CAN_RX1CR & 0x0F );
 251   2                  
 252   2                  if (CAN_strRxPduTemp.CAN_IDE)
 253   2                  {
 254   3                      CAN_strRxPduTemp.u32CanId = 0;
 255   3                      CAN_strRxPduTemp.u32CanId |= (uint32)CAN_RX1ID0 << 21;
 256   3                      CAN_strRxPduTemp.u32CanId |= (uint32)CAN_RX1ID1 << 13;
 257   3                      CAN_strRxPduTemp.u32CanId |= (uint32)CAN_RX1ID2 << 5 ;
 258   3                      CAN_strRxPduTemp.u32CanId |= (uint32)CAN_RX1ID3 >> 4 ;
 259   3                  }
 260   2                  else
 261   2                  {
 262   3                      CAN_strRxPduTemp.u32CanId = 0;
 263   3                      CAN_strRxPduTemp.u32CanId |= CAN_RX1ID0 << 3 ;
 264   3                      CAN_strRxPduTemp.u32CanId |= CAN_RX1ID1 >> 5 ;
 265   3                  }
 266   2                  
 267   2                  CAN_strRxPduTemp.CanData[0] = CAN_RX1DR0;
 268   2                  CAN_strRxPduTemp.CanData[1] = CAN_RX1DR1;
 269   2                  CAN_strRxPduTemp.CanData[2] = CAN_RX1DR2;
 270   2                  CAN_strRxPduTemp.CanData[3] = CAN_RX1DR3;
 271   2                  CAN_strRxPduTemp.CanData[4] = CAN_RX1DR4;
 272   2                  CAN_strRxPduTemp.CanData[5] = CAN_RX1DR5;
 273   2                  CAN_strRxPduTemp.CanData[6] = CAN_RX1DR6;
 274   2                  CAN_strRxPduTemp.CanData[7] = CAN_RX1DR7;
 275   2                  break;
 276   2                  
 277   2              case (RDPTR1 | 0):
 278   2                  CAN_strRxPduTemp.CAN_IDE = ( CAN_RX2CR & 0x80 );
 279   2                  CAN_strRxPduTemp.CAN_RTR = ( CAN_RX2CR & 0x40 );
 280   2                  CAN_strRxPduTemp.CAN_DLC = ( CAN_RX2CR & 0x0F );
 281   2                  
 282   2                  if (CAN_strRxPduTemp.CAN_IDE)
 283   2                  {
 284   3                      CAN_strRxPduTemp.u32CanId = 0;
 285   3                      CAN_strRxPduTemp.u32CanId |= (uint32)CAN_RX2ID0 << 21;
 286   3                      CAN_strRxPduTemp.u32CanId |= (uint32)CAN_RX2ID1 << 13;
 287   3                      CAN_strRxPduTemp.u32CanId |= (uint32)CAN_RX2ID2 << 5 ;
 288   3                      CAN_strRxPduTemp.u32CanId |= (uint32)CAN_RX2ID3 >> 4 ;
 289   3                  }
C51 COMPILER V9.57.0.0   CAN                                                               06/25/2026 14:57:20 PAGE 6   

 290   2                  else
 291   2                  {
 292   3                      CAN_strRxPduTemp.u32CanId = 0;
 293   3                      CAN_strRxPduTemp.u32CanId |= CAN_RX2ID0 << 3 ;
 294   3                      CAN_strRxPduTemp.u32CanId |= CAN_RX2ID1 >> 5;
 295   3                  }
 296   2                  
 297   2                  CAN_strRxPduTemp.CanData[0] = CAN_RX2DR0;
 298   2                  CAN_strRxPduTemp.CanData[1] = CAN_RX2DR1;
 299   2                  CAN_strRxPduTemp.CanData[2] = CAN_RX2DR2;
 300   2                  CAN_strRxPduTemp.CanData[3] = CAN_RX2DR3;
 301   2                  CAN_strRxPduTemp.CanData[4] = CAN_RX2DR4;
 302   2                  CAN_strRxPduTemp.CanData[5] = CAN_RX2DR5;
 303   2                  CAN_strRxPduTemp.CanData[6] = CAN_RX2DR6;
 304   2                  CAN_strRxPduTemp.CanData[7] = CAN_RX2DR7;
 305   2                  break;
 306   2                  
 307   2              default:
 308   2                  u8LocValidFrmFlg = STD_FALSE;
 309   2                  break;
 310   2          }
 311   1      
 312   1          if (STD_TRUE == u8LocValidFrmFlg)
 313   1          {
 314   2             CANIF_vidReceiveProcess(CAN_strRxPduTemp.u32CanId, CAN_strRxPduTemp.CAN_DLC, &CAN_strRxPduTemp.CanD
             -ata[0]);
 315   2          }
 316   1          
 317   1      #if (CAN_ISR_ENABLE == STD_OFF)
                  /* ๅฆๆๅผไบไธญๆญ่ฏทๆณจ้่ฟๅฅ */
                  SetBit(CAN_CR1, BUFRLS); 
              #endif
 321   1      
 322   1      }
 323          
 324          
 325          /* ๅฝๆฐๅ็งฐ๏ผCAN_vidSendMsg
 326           * ๅฝๆฐๅ่ฝ๏ผๅ้CANๆฐๆฎ
 327           * ๅๆฐ่ฏดๆ๏ผ
 328           * ๆณจๆไบ้กน๏ผๆ 
 329           */
 330          void CAN_vidSendMsg(uint8* pu8CanData, CAN_tstrSendHeadInfo* pstrCanSendHead)
 331          {
 332   1          uint16 u16WaitTimer;
 333   1      
 334   1          u16WaitTimer = 0;
 335   1          while ( (0 == ReadBit(CAN_SR, TXDONE) ) && (u16WaitTimer < CAN_TXWAIT_TIMOUT) )
 336   1          {
 337   2              u16WaitTimer++;
 338   2          }
 339   1          
 340   1          CAN_TXCR  = pstrCanSendHead->u8CanFrameCfg;
 341   1          
 342   1          if (pstrCanSendHead->u8CanFrameCfg & IDE_EXT)
 343   1          {
 344   2              CAN_TXID0 = pstrCanSendHead->u32CanId >> 21;
 345   2              CAN_TXID1 = pstrCanSendHead->u32CanId >> 13;
 346   2              CAN_TXID2 = pstrCanSendHead->u32CanId >> 5;
 347   2              CAN_TXID3 = pstrCanSendHead->u32CanId << 4;
 348   2          }
 349   1          else
 350   1          {
C51 COMPILER V9.57.0.0   CAN                                                               06/25/2026 14:57:20 PAGE 7   

 351   2              CAN_TXID0 = pstrCanSendHead->u32CanId >> 3;
 352   2              CAN_TXID1 = pstrCanSendHead->u32CanId << 5;
 353   2              CAN_TXID2 = 0;
 354   2              CAN_TXID3 = 0;
 355   2          }
 356   1          
 357   1          CAN_TXDR0 = pu8CanData[0];
 358   1          CAN_TXDR1 = pu8CanData[1];
 359   1          CAN_TXDR2 = pu8CanData[2];
 360   1          CAN_TXDR3 = pu8CanData[3];
 361   1          CAN_TXDR4 = pu8CanData[4];
 362   1          CAN_TXDR5 = pu8CanData[5];
 363   1          CAN_TXDR6 = pu8CanData[6];
 364   1          CAN_TXDR7 = pu8CanData[7];
 365   1          
 366   1          SetBit(CAN_CR1, TXREQ);
 367   1      }
 368          
 369          /* CAN BusOff็ถๆ่ฏปๅ */
 370          uint8 CAN_u8ErrState(void)
 371          {
 372   1        if (0 != ReadBit(CAN_ESR, BOFF) )
 373   1        {
 374   2          return TRUE;
 375   2        }
 376   1        else
 377   1        {
 378   2          return FALSE;
 379   2        }
 380   1      
 381   1      }
 382          
 383          /* ๅฝๆฐๅ็งฐ๏ผCAN_vidSetCanError
 384           * ๅฝๆฐๅ่ฝ๏ผCAN้่ฏฏ้่ฟ่ฝฏไปถ่ฎพ็ฝฎ
 385           * ๅๆฐ่ฏดๆ๏ผCAN_ERR_NONEใCAN_ERR_REC_OVใCAN_ERR_BUSOFF็ญ็ญ
 386           * ๆณจๆไบ้กน๏ผๆ 
 387           */
 388          void CAN_vidSetCanError(uint8 u8ErrorType)
 389          {
 390   1         CAN_u8SoftErrorType = u8ErrorType;
 391   1      }
 392          
 393          /* ๅฝๆฐๅ็งฐ๏ผCAN_vidStateMachine
 394           * ๅฝๆฐๅ่ฝ๏ผCAN ็ถๆ็ฎก็็ถๆๆบ
 395           * ๅๆฐ่ฏดๆ๏ผๆ 
 396           * ๆณจๆไบ้กน๏ผ่ฐๅบฆๅจๆ10ms
 397           */
 398          void CAN_vidStateMachine(void)
 399          {
 400   1         switch(CAN_u8DrvState)
 401   1         {
 402   2            case CAN_SM_IDLE:
 403   2            {
 404   3               CAN_u8DrvState = CAN_SM_NORMAL;
 405   3            }
 406   2            break;
 407   2      
 408   2            case CAN_SM_NORMAL:
 409   2            {
 410   3               if (0 != ReadBit(CAN_ESR, BOFF) )
 411   3               {
 412   4                  CAN_u8DrvState = CAN_SM_ERROR;
C51 COMPILER V9.57.0.0   CAN                                                               06/25/2026 14:57:20 PAGE 8   

 413   4               }
 414   3               else if (0 != CAN_u8SoftErrorType)
 415   3               {
 416   4                  CAN_u8DrvState = CAN_SM_ERROR;
 417   4               }
 418   3               else if (CAN_TEC >= 0x80)
 419   3               {
 420   4                  CAN_u8DrvState = CAN_SM_ERROR;
 421   4               }
 422   3               else
 423   3               {}
 424   3            }
 425   2            break;
 426   2      
 427   2            case CAN_SM_ERROR:
 428   2            {
 429   3               /* CANๆจกๅๅคฑ่ฝ */
 430   3               ClrBit(CAN_CR0, CANEN);
 431   3               CAN_u16StateTimCnt = 0;
 432   3               CAN_u8DrvState = CAN_SM_FAST_RECOVER;
 433   3            }
 434   2            break;
 435   2      
 436   2            case CAN_SM_FAST_RECOVER:
 437   2            {
 438   3               if (CAN_u16StateTimCnt < 10)
 439   3               {
 440   4                  CAN_u16StateTimCnt++;
 441   4               }
 442   3               else
 443   3               {
 444   4                  CAN_u16StateTimCnt = 0;
 445   4                  CAN_TEC = 0;
 446   4                  CAN_REC = 0;
 447   4                  CAN_u8SoftErrorType = CAN_ERR_NONE;
 448   4                  /* CANๆจกๅไฝฟ่ฝ */
 449   4                  SetBit(CAN_CR0, CANEN);
 450   4                  CAN_u8DrvState = CAN_SM_NORMAL;
 451   4               }
 452   3            }
 453   2            break;
 454   2      
 455   2            case CAN_SM_SLOW_RECOVER:
 456   2            {
 457   3            }
 458   2            break;
 459   2      
 460   2            default:
 461   2               break;
 462   2         }
 463   1      }
 464          


MODULE INFORMATION:   STATIC OVERLAYABLE
   CODE SIZE        =   1360    ----
   CONSTANT SIZE    =   ----    ----
   XDATA SIZE       =     20      21
   PDATA SIZE       =   ----    ----
   DATA SIZE        =   ----    ----
   IDATA SIZE       =   ----    ----
   BIT SIZE         =   ----    ----
C51 COMPILER V9.57.0.0   CAN                                                               06/25/2026 14:57:20 PAGE 9   

   EDATA SIZE       =   ----    ----
   HDATA SIZE       =   ----    ----
   XDATA CONST SIZE =   ----    ----
   FAR CONST SIZE   =   ----    ----
END OF MODULE INFORMATION.


C51 COMPILATION COMPLETE.  1 WARNING(S),  0 ERROR(S)
