C51 COMPILER V9.57.0.0   GPIO                                                              06/27/2026 16:25:53 PAGE 1   


C51 COMPILER V9.57.0.0, COMPILATION OF MODULE GPIO
OBJECT MODULE PLACED IN .\Output\GPIO.obj
COMPILER INVOKED BY: E:\05KeilC51\C51\BIN\C51.EXE ..\User\source\Hardware\GPIO.c LARGE OMF2 OPTIMIZE(9,SIZE) BROWSE INCD
                    -IR(..\User\include;..\FU68xx_Hardware_Driver\Include;.\Components) DEBUG PRINT(.\Listings\GPIO.lst) TABS(2) OBJECT(.\Out
                    -put\GPIO.obj)

line level    source

   1          /**
   2           * @copyright (C) COPYRIGHT 2022 Fortiortech Shenzhen
   3           * @file      xxx.c
   4           * @author    Fortiortech  Appliction Team
   5           * @since     Create:2022-08-05
   6           * @date      Last modify:2022-08-05
   7           * @note      Last modify author is Leo.li
   8           * @brief
   9           */
  10           
  11          #include <GPIO.h>
  12          
  13          /** 
  14           * @brief        GPIO输出配置初始化
  15           * @date         2022-09-13
  16           */
  17          void GPIO_Init(void)
  18          {              
  19   1      
  20   1      //  SetBit(P1_OE, P13); /* HALL供电HBIAS*/
  21   1      //  SetBit(P1_PU, P13);
  22   1      //  GP13 = 1;
  23   1        
  24   1        SetBit(P1_OE, P12); /* SW2 */
  25   1        SetBit(P1_PU, P12);
  26   1        GP12 = 1;
  27   1        
  28   1        SetBit(P0_OE, P07); /* sleep */
  29   1        SetBit(P0_PU, P07);
  30   1        GP07 = 1;
  31   1        
  32   1         
  33   1      }


MODULE INFORMATION:   STATIC OVERLAYABLE
   CODE SIZE        =     25    ----
   CONSTANT SIZE    =   ----    ----
   XDATA SIZE       =   ----    ----
   PDATA SIZE       =   ----    ----
   DATA SIZE        =   ----    ----
   IDATA SIZE       =   ----    ----
   BIT SIZE         =   ----    ----
   EDATA SIZE       =   ----    ----
   HDATA SIZE       =   ----    ----
   XDATA CONST SIZE =   ----    ----
   FAR CONST SIZE   =   ----    ----
END OF MODULE INFORMATION.


C51 COMPILATION COMPLETE.  0 WARNING(S),  0 ERROR(S)
