C51 COMPILER V9.57.0.0   INTERRUPT                                                         06/29/2026 21:31:44 PAGE 1   


C51 COMPILER V9.57.0.0, COMPILATION OF MODULE INTERRUPT
OBJECT MODULE PLACED IN .\Output\Interrupt.obj
COMPILER INVOKED BY: E:\05KeilC51\C51\BIN\C51.EXE ..\User\source\Application\Interrupt.c LARGE OMF2 OPTIMIZE(9,SIZE) BRO
                    -WSE INCDIR(..\User\include;..\FU68xx_Hardware_Driver\Include;.\Components) DEBUG PRINT(.\Listings\Interrupt.lst) TABS(2)
                    - OBJECT(.\Output\Interrupt.obj)

line level    source

   1          /**
   2           * @copyright (C) COPYRIGHT 2022 Fortiortech Shenzhen
   3           * @file      Interrupt.c
   4           * @author    Fortiortech  Appliction Team
   5           * @date      2022-07-13
   6           * @brief     This file contains interrupt function used for Motor Control.
   7           */
   8           
   9          
  10          
  11          #include <MyProject.h>
  12          
  13          /* !Comment: д»»еҠЎи®Ўж•°жңҖеӨ§еҖј. */
  14          #define SYSTICK_TASK_10MS_CNTMAX      (9)
  15          #define SYSTICK_TASK_50MS_CNTMAX      (49)
  16          #define SYSTICK_TASK_100MS_CNTMAX     (99)
  17          #define SYSTICK_TASK_500MS_CNTMAX     (499)
  18          #define SYSTICK_TASK_1000MS_CNTMAX    (999)
  19          
  20          // extern uint8 xdata SYSTICK_u8Task1msFlg = FALSE;
  21          // extern uint8 xdata SYSTICK_u8Task10msFlg = FALSE;
  22          // extern uint8 xdata SYSTICK_u8Task50msFlg = FALSE;
  23          // extern uint8 xdata SYSTICK_u8Task100msFlg = FALSE;
  24          // extern uint8 xdata SYSTICK_u8Task500msFlg = FALSE;
  25          // extern uint8 xdata SYSTICK_u8Task1000msFlg = FALSE;
  26          // extern uint8 xdata SYSTICK_u8Task10msCnt = 0;
  27          // extern uint8 xdata SYSTICK_u8Task50msCnt = 0;
  28          // extern uint8 xdata SYSTICK_u8Task100msCnt = 0;
  29          // extern uint16 xdata SYSTICK_u16Task500msCnt = 0;
  30          // extern uint16 xdata SYSTICK_u16Task1000msCnt = 0;
  31          
  32          extern uint8 data g_1mTick, g_10mTick, g_50mTick, g_100mTick;                   ///< 1msж»ҙзӯ”дҝЎеҸ·пјҢжҜҸ
             -йҡ”1msеңЁSYSTICKе®ҡж—¶еҷЁиў«зҪ®1пјҢйңҖеңЁеӨ§еҫӘзҺҜдҪҝз”ЁеӨ„жё…йӣ¶
  33          
  34          uint16 xdata spidebug[4] = { 0 };             ///< SPI debug иҫ“еҮәйҖҡйҒ“зј“еӯҳпјҢSPIи°ғиҜ•еҷЁдјҡе°ҶиҜҘеҸҳ
             -йҮҸеҖјиҝӣиЎҢиҫ“еҮә
  35          
  36          code char cg10_caVer[256] _at_ 0x4000;        ///< жӯӨж®өд»Јз ҒдёҚиғҪеҲ йҷӨ
  37          char  User_cg_caVer = 1;
  38          
  39          uint8 Err1,Err2;
  40          
  41          /** 
  42           * @brief        дҪҺдәҺйў„иӯҰдёӯж–ӯдёҺиҝҮжё©дёӯж–ӯ
  43           * @brief        ејҖеҗҜдҪҺеҺӢжЈҖжөӢдёӯж–ӯеҗҺ,MCUдјҡеҜ№иҫ“е…Ҙз”өеҺӢиҝӣиЎҢзӣ‘жөӢ,еҪ“иҫ“е…Ҙз”өеҺӢдҪҺдәҺи®ҫе®ҡ
             -еҖјпјҢеҲҷдјҡи§ҰеҸ‘дёӯж–ӯ
  44           * @brief        ејҖеҗҜиҝҮжё©дҝқжҠӨдёӯж–ӯеҗҺ,MCUдјҡеҜ№еҶ…йғЁз»“жё©иҝӣиЎҢзӣ‘жөӢ,еҪ“еҶ…йғЁз»“жё©й«ҳдәҺи®ҫе®ҡ
             -еҖјпјҢеҲҷдјҡи§ҰеҸ‘дёӯж–ӯ
  45           * @date         2022-07-14
  46           */
  47          void LVW_TSD_INT(void) interrupt 0  //LVW & TSD interrupt
  48          {
  49   1         
C51 COMPILER V9.57.0.0   INTERRUPT                                                         06/29/2026 21:31:44 PAGE 2   

  50   1          if (ReadBit(LVSR, LVWIF))
  51   1          {
  52   2              if (ReadBit(LVSR, LVWF))
  53   2              {
  54   3                  mcFaultSource = FaultUnderVoltageDC;
  55   3                  ClrBit(LVSR, LVWF);
  56   3              }
  57   2              
  58   2              ClrBit(LVSR, LVWIF);
  59   2          }
  60   1          
  61   1          if (TSDIF)
  62   1          {
  63   2              if (ReadBit(LVSR, TSDF))    
  64   2              {     
  65   3                  mcFaultSource              = FaultTSD;
  66   3                  ClrBit(LVSR, TSDF);
  67   3              }
  68   2              
  69   2              TSDIF = 0;
  70   2          }
  71   1      }
  72          
  73          /** 
  74           * @brief        еӨ–йғЁдёӯж–ӯ0
  75           * @brief        дёҖиҲ¬з”ЁдәҺе“Қеә”IPMзҡ„FOиҝҮжөҒдҝЎеҸ·
  76           * @date         2022-07-14
  77           */
  78          void EXTERN0_INT(void) interrupt 1                  //  еӨ–йғЁдёӯж–ӯ0
  79          {
  80   1          if (IF0)
  81   1          {
  82   2              IF0 = 0;                                // clear P00 interrupt flag
  83   2          }
  84   1      }
  85          
  86          
  87          /** 
  88           * @brief        FOCдёӯж–ӯ(Drvдёӯж–ӯ),жҜҸдёӘиҪҪжіўе‘Ёжңҹжү§иЎҢдёҖж¬ЎпјҢз”ЁдәҺеӨ„зҗҶе“Қеә”иҫғй«ҳзҡ„зЁӢеәҸпј
             -Ңдёӯж–ӯдјҳе…Ҳзә§з¬¬дәҢ
  89           * @date         2022-07-14
  90           */
  91          void DRV_ISR(void) interrupt 3
  92          {
  93   1          if (ReadBit(DRV_SR, FGIF))// жҹҘжҳҜеҗҰи§ҰеҸ‘дәҶж•…йҡңдёӯж–ӯж Үеҝ—j
  94   1          {
  95   2          //DRV_SR = (SYSTIE | FGIF | DCIM1 | SYSTIF)&(~FGIF);
  96   2            ClrBit(DRV_SR, FGIF);
  97   2          }
  98   1         
  99   1          if (ReadBit(DRV_SR, DCIF))    // жҜ”иҫғдёӯж–ӯ
 100   1          {
 101   2              HallTimerProcess();//8usжү§иЎҢйңҚе°”ж—¶й—ҙеӨ„зҗҶ
 102   2                    
 103   2              #if (DBG_SPI_SW ==  DBG_SPI_SW)            //иҪҜд»¶и°ғиҜ•жЁЎејҸ
 104   2                  spidebug[0] =  hallPara.HallStatus<<12;//hallPara.RTheStepFlt;//FOC__THETA;
 105   2                  spidebug[1] =  hallPara.SectorTheta;//hallPara.ErrorTheta;      
 106   2                  spidebug[2] =  FOC__THETA;
 107   2                  spidebug[3] =  1000;
 108   2      
 109   2              #endif
 110   2            
C51 COMPILER V9.57.0.0   INTERRUPT                                                         06/29/2026 21:31:44 PAGE 3   

 111   2              
 112   2          DRV_SR = (DRV_SR | SYSTIF) & (~DCIF);
 113   2              //DRV_SR = (DRV_SR) & ((~DCIF) | SYSTIF);
 114   2          }
 115   1      }
 116          
 117          /** 
 118           * @brief        Timer1дёӯж–ӯжңҚеҠЎеҮҪж•°
 119           * @note         жң¬дҫӢзЁӢдёӯз”ЁдәҺTIM1 PDIF
 120           * @date         2022-07-14
 121           */
 122          void TIM1_INT(void) interrupt 5
 123          {    
 124   1          if (ReadBit(TIM1_SR, T1BOIF))// и¶…ж—¶еҒңиҪ¬еӨ„зҗҶj
 125   1          {
 126   2              HallOverFlowClear();
 127   2              ClrBit(TIM1_SR, T1BOIF);
 128   2          }
 129   1          
 130   1          if (ReadBit(TIM1_SR, T1ROIF))
 131   1          {
 132   2              ClrBit(TIM1_SR, T1ROIF);
 133   2          }
 134   1          
 135   1          if (ReadBit(TIM1_SR, T1WTIF))
 136   1          {
 137   2              ClrBit(TIM1_SR, T1WTIF);
 138   2          }
 139   1          
 140   1          if (ReadBit(TIM1_SR, T1PDIF))//жӯЈеёёж—ӢиҪ¬жӣҙж–°j
 141   1          {
 142   2              HallTrigProcess();
 143   2              ClrBit(TIM1_SR, T1PDIF);
 144   2          }
 145   1          
 146   1          if (ReadBit(TIM1_SR, T1BDIF))
 147   1          {
 148   2              ClrBit(TIM1_SR, T1BDIF);
 149   2          }
 150   1      }
 151          
 152          /** 
 153           * @brief        Timer2дёӯж–ӯжңҚеҠЎеҮҪж•°
 154           * @note         жң¬дҫӢзЁӢдёӯз”ЁдәҺRSDйЎәйҖҶйЈҺжЈҖжөӢ
 155           * @date         2022-07-14
 156           */
 157          void TIM2_INT(void) interrupt 4
 158          {
 159   1          if (ReadBit(TIM2_CR1, T2IP))
 160   1          {
 161   2                         
 162   2         
 163   2              ClrBit(TIM2_CR1, T2IP);
 164   2          }
 165   1          
 166   1          if (ReadBit(TIM2_CR1, T2IF))// жәўеҮәдёӯж–ӯ,з”ЁдәҺеҲӨж–ӯйқҷжӯў,ж—¶й—ҙдёә349msгҖӮ
 167   1          {
 168   2              
 169   2               //HallOverFlowClear();
 170   2              ClrBit(TIM2_CR1, T2IF);
 171   2          }
 172   1          if (ReadBit(TIM2_CR1, T2IR))
C51 COMPILER V9.57.0.0   INTERRUPT                                                         06/29/2026 21:31:44 PAGE 4   

 173   1          {
 174   2              ClrBit(TIM2_CR1, T2IR);
 175   2          }
 176   1      }
 177          
 178          
 179          
 180          
 181          /**
 182              @brief        Timer2дёӯж–ӯжңҚеҠЎеҮҪж•°
 183              @note         жң¬дҫӢзЁӢдёӯз”ЁдәҺBEMFж–№ејҸйЎәйҖҶйЈҺжЈҖжөӢ
 184              @date         2022-07-14
 185          */
 186          #if (TAILWIND_MODE == BEMFMethod)
              void CMP012_INT(void) interrupt 7
              {
                  if (CMP_SR & 0x70)
                  {
                     
                      CMP_SR = CMP_SR & 0x8F;
                  }
              }
              
              
              #endif
 198          
 199          
 200          
 201          /** 
 202           * @brief        е®ҡж—¶еҷЁ3дёӯж–ӯжңҚеҠЎеҮҪж•°
 203           * @note         жң¬дҫӢзЁӢдёӯз”ЁдәҺPWMи°ғйҖҹдҝЎеҸ·жҚ•иҺ·
 204           * @date         2022-07-14
 205           */
 206          void TIM3_INT(void) interrupt 9
 207          {
 208   1          if (ReadBit(TIM3_CR1, T3IR))
 209   1          {
 210   2              ClrBit(TIM3_CR1, T3IR);
 211   2          }
 212   1          
 213   1          if (ReadBit(TIM3_CR1, T3IP))//е‘Ёжңҹдёӯж–ӯ
 214   1          {
 215   2              if (mcPwmInput.isUpdate == 0) // з©әй—ІзҠ¶жҖҒдёӢ  е…Ғи®ёжӣҙж–°DRдёҺARR
 216   2              {
 217   3                  mcPwmInput.TimerDR            = TIM3__DR;
 218   3                  mcPwmInput.TimerARR           = TIM3__ARR;
 219   3                  mcPwmInput.isUpdate           = 1;
 220   3              }
 221   2              
 222   2              ClrBit(TIM3_CR1, T3IP);
 223   2          }
 224   1          
 225   1          if (ReadBit(TIM3_CR1, T3IF))
 226   1          {
 227   2              if (mcPwmInput.isUpdate == 0)   // з©әй—ІзҠ¶жҖҒдёӢ  е…Ғи®ёжӣҙж–°DRдёҺARR
 228   2              {
 229   3                  if (ReadBit(P1, PIN1))      // PWM 100%иҫ“еҮә
 230   3                  {
 231   4                      mcPwmInput.TimerDR       = 4000;
 232   4                      mcPwmInput.TimerARR      = 4000;
 233   4                  }
 234   3                  else//PWM дёә0%
C51 COMPILER V9.57.0.0   INTERRUPT                                                         06/29/2026 21:31:44 PAGE 5   

 235   3                  {
 236   4                      mcPwmInput.TimerDR       = 0;
 237   4                      mcPwmInput.TimerARR      = 4000;
 238   4                  }
 239   3                  
 240   3                  mcPwmInput.isUpdate = 1;
 241   3              }
 242   2              
 243   2              ClrBit(TIM3_CR1, T3IF);
 244   2          }
 245   1      }
 246          
 247          
 248          
 249          /** 
 250           * @brief        ж»ҙзӯ”е®ҡж—¶еҷЁпјҢй»ҳи®Өз”ЁдәҺдә§з”ҹ1msе®ҡж—¶й—ҙйҡ”
 251           * @date         2022-07-14 
 252           */
 253          void SYStick_INT(void) interrupt 10
 254          { 
 255   1          if (ReadBit(DRV_SR, SYSTIF))          // SYS TICKдёӯж–ӯ
 256   1          { 
 257   2            
 258   2              g_1mTick = 1;
 259   2      
 260   2              if(g_10mTick)
 261   2              {
 262   3                  g_10mTick--;
 263   3              }
 264   2      
 265   2              if(g_50mTick)
 266   2              {
 267   3                  g_50mTick--;
 268   3              }
 269   2              
 270   2              if(g_100mTick)
 271   2              {
 272   3                  g_100mTick--;
 273   3              }
 274   2      
 275   2              DRV_SR = (DRV_SR | DCIF) & (~SYSTIF);
 276   2              // DRV_SR = (DRV_SR) & ((~SYSTIF) | DCIF);
 277   2          }
 278   1      }
 279          
 280          
 281          
 282          /** 
 283           * @brief        жҜ”иҫғеҷЁзЎ¬д»¶иҝҮжөҒдҝқжҠӨпјҢиҜҘдёӯж–ӯд»…жҸҗдҫӣ ж•…йҡңз Ғ иөӢеҖј,з”ЁдәҺзҠ¶жҖҒжңәзҡ„еҲҮжҚ
             -ўгҖӮ
 284           *               йңҖиҰҒејҖеҗҜжҜ”иҫғеҷЁCMP3  еҸ‘з”ҹиҝҮжөҒ иҮӘеҠЁжё…йҷӨMOEеҠҹиғҪ
 285           * @date         2022-07-14  
 286           */
 287          
 288          void CMP3_INT(void)  interrupt 12
 289          {
 290   1          if (ReadBit(CMP_SR, CMP3IF))
 291   1          {
 292   2              if (mcState != mcPosiCheck)
 293   2              {
 294   3                  mcFaultSource = FaultHardOVCurrent;     // зЎ¬д»¶иҝҮжөҒдҝқжҠӨ
 295   3              }
C51 COMPILER V9.57.0.0   INTERRUPT                                                         06/29/2026 21:31:44 PAGE 6   

 296   2              
 297   2              ClrBit(CMP_SR, CMP3IF);
 298   2          }
 299   1      }
 300          
 301          /*---------------------------------------------------------------------------*/
 302          /* Name     :   void CAN_INT(void) interrupt 8
 303          /* Input    :   NO
 304          /* Output   :   NO
 305          /* Description: CANжҺҘеҸ—ж•°жҚ®
 306          /*---------------------------------------------------------------------------*/
 307          /**
 308           * @brief        CanйҖҡдҝЎ
 309           * @date       
 310           */
 311          uint8 cc;
 312          void Can_INT(void)    interrupt 8
 313          {
 314   1      
 315   1        cc++;
 316   1        
 317   1        if (ReadBit(CAN_IFR, RXIF)) //жҺҘж”¶дёӯж–ӯ
 318   1        {
 319   2          CAN_vidReadFrame();
 320   2          SetBit(CAN_CR1, BUFRLS);
 321   2        }
 322   1      
 323   1        if (ReadBit(CAN_IFR, TXIF)) //еҸ‘йҖҒжҲҗеҠҹдёӯж–ӯ
 324   1        {
 325   2          ClrBit(CAN_IFR, TXIF);
 326   2        }
 327   1        if (ReadBit(CAN_IFR, OVIF)) //жәўеҮәдёӯж–ӯ
 328   1        {
 329   2          ClrBit(CAN_IFR, OVIF);
 330   2        }
 331   1        if (ReadBit(CAN_IFR, ARBIF)) //д»ІиЈҒдёӯж–ӯ
 332   1        {
 333   2          ClrBit(CAN_IFR, ARBIF);
 334   2        }
 335   1        if (ReadBit(CAN_IFR, ERRIF)) //й”ҷиҜҜзұ»еһӢдёӯж–ӯ
 336   1        {
 337   2          if (CAN_REC > 128) /* иҝӣе…Ҙдё»еҠЁй”ҷиҜҜпјҢеӨҚдҪҚcan */
 338   2          {
 339   3            Err1 = CAN_ESR;
 340   3            Err2 = CAN_REC;
 341   3            CAN_vidSetCanError(CAN_ERR_REC_OV);
 342   3      
 343   3          /* дәӨз»ҷCAN SMзҠ¶жҖҒжңәеӨ„зҗҶ */
 344   3          #if 0
                    CAN_vidInit();        //дё»еҠЁй”ҷиҜҜеӨ„зҗҶ
                  #endif
 347   3          }
 348   2          ClrBit(CAN_IFR, ERRIF);
 349   2        }
 350   1      }
 351          
 352          // /**
 353          //  * @brief        LinйҖҡдҝЎ
 354          //  * @date         2022-08-13
 355          //  */
 356          // void Lin_INT(void)    interrupt 14
 357          // {
C51 COMPILER V9.57.0.0   INTERRUPT                                                         06/29/2026 21:31:44 PAGE 7   

 358          //     if (ReadBit(LIN_CR, LINIE))
 359          //     {
 360          //         if (ReadBit(LIN_SR, LINREQ))
 361          //         {
 362          //             LIN_list(); //иҜ»еҸ–IDеҸ·е№¶еӨ„зҗҶдҝЎеҸ·                                                   
             -          //иҜ»еҸ–IDеҸ·е№¶еӨ„зҗҶдҝЎеҸ·
 363          //             SetReg(LIN_SR, LINDONE | LINIDLE | LINREQ, LINIDLE | LINDONE);
 364          //         }
 365                          
 366                  
 367          //         if (ReadBit(LIN_CSR, LINWAKEUP))                                               //е”ӨйҶ’дҝЎеҸ·
 368          //         {
 369          //             SetReg(LIN_CSR, LINWAKEUP | CLRERR, CLRERR);
 370          //         }
 371                  
 372          //         if (ReadBit(LIN_SR, LINIDLE))                                                   //жҖ»зәҝз©әй—І
 373          //         {
 374          //             SetReg(LIN_SR, LINDONE | LINIDLE | LINREQ,  LINDONE | LINREQ);
 375          //         }
 376                  
 377          //         if (ReadBit(LIN_CSR, CLRERR))                                                   //й”ҷиҜҜдёӯж–ӯ
 378          //         {
 379          //             /*----- иҺ·еҸ–й”ҷиҜҜжәҗ -----*/
 380          //             LIN_Error_Handing();
 381          //             ClrBit(LIN_CSR, CLRERR);
 382          //      SetReg(LIN_SR, LINDONE | LINIDLE | LINREQ, LINIDLE | LINREQ);
 383          //         }
 384          //    else
 385          //    {
 386          //      if (ReadBit(LIN_SR, LINDONE))                                                  //ж•°жҚ®ж”¶еҸ‘е®ҢжҲҗ
 387          //             {
 388          //          ReceiveSYS(LIN_ID);
 389          //                 SetReg(LIN_SR, LINDONE | LINIDLE | LINREQ, LINIDLE | LINREQ);
 390          //             }
 391          //    }
 392          //     }
 393          // }


MODULE INFORMATION:   STATIC OVERLAYABLE
   CODE SIZE        =    664    ----
   CONSTANT SIZE    =   ----    ----
   XDATA SIZE       =     12    ----
   PDATA SIZE       =   ----    ----
   DATA SIZE        =   ----    ----
   IDATA SIZE       =   ----    ----
   BIT SIZE         =   ----    ----
   EDATA SIZE       =   ----    ----
   HDATA SIZE       =   ----    ----
   XDATA CONST SIZE =   ----    ----
   FAR CONST SIZE   =   ----    ----
END OF MODULE INFORMATION.


C51 COMPILATION COMPLETE.  0 WARNING(S),  0 ERROR(S)
