C51 COMPILER V9.57.0.0   MOTORCONTROL                                                      06/29/2026 21:31:45 PAGE 1   


C51 COMPILER V9.57.0.0, COMPILATION OF MODULE MOTORCONTROL
OBJECT MODULE PLACED IN .\Output\MotorControl.obj
COMPILER INVOKED BY: E:\05KeilC51\C51\BIN\C51.EXE ..\User\source\Function\MotorControl.c LARGE OMF2 OPTIMIZE(9,SIZE) BRO
                    -WSE INCDIR(..\User\include;..\FU68xx_Hardware_Driver\Include;.\Components) DEBUG PRINT(.\Listings\MotorControl.lst) TABS
                    -(2) OBJECT(.\Output\MotorControl.obj)

line level    source

   1          /**
   2              @copyright (C) COPYRIGHT 2022 Fortiortech Shenzhen
   3              @file      MotorControl.c
   4              @author    Fortiortech  Appliction Team
   5              @since     Create:2021-04-10
   6              @date      Last modify:2022-07-14
   7              @note      Last modify author is Marcel He
   8              @brief
   9          */
  10          
  11          
  12          #include <MyProject.h>
  13          /* Private variables ----------------------------------------------------------------------------*/
  14          
  15          MotStateType  data mcState;
  16          MotStaM     McStaSet;
  17          
  18          
  19          /**
  20              @brief     з”өжңәжҺ§еҲ¶зҠ¶жҖҒжңә
  21              @warning   з”өжңәзҡ„зҠ¶жҖҒеҸӘиғҪеңЁз”өжңәзҠ¶жҖҒжҺ§еҲ¶дёӯеҲҮжҚўпјҢзҰҒжӯўеңЁе…¶д»–ең°ж–№еҲҮжҚўз”өжңәзҠ¶ж
             -ҖҒ
  22              @date      2022-07-14
  23          */
  24          void MC_Control(void)
  25          {
  26   1          switch (mcState)
  27   1          {
  28   2              case mcReady:
  29   2                  Motor_Ready();
  30   2                  
  31   2                  if (mcFaultSource != FaultNoSource)
  32   2                  {
  33   3                      mcState = mcFault;
  34   3                  }
  35   2                  else if ((mcCurOffset.OffsetFlag == 1) && (isCtrlPowOn == true))
  36   2                  {
  37   3                      mcState = mcInit;
  38   3                      mcCurOffset.OffsetFlag  = 0;
  39   3                      mcCurOffset.OffsetCount = 0;
  40   3                  }
  41   2                  else
  42   2                  {
  43   3      
  44   3                  }
  45   2                  
  46   2                  break;
  47   2                  
  48   2              case mcInit:
  49   2                  if (mcFaultSource != FaultNoSource)
  50   2                  {
  51   3                      mcState = mcFault;
  52   3                  }
C51 COMPILER V9.57.0.0   MOTORCONTROL                                                      06/29/2026 21:31:45 PAGE 2   

  53   2                  else if (isCtrlPowOn == false)
  54   2                  {
  55   3                      mcState = mcStop;
  56   3                  }
  57   2                 else if (mcCurOffset.OffsetFlag == 1)
  58   2                  {
  59   3                      Motor_Init();
  60   3                      #if (CHARGE_EN == Enable)
  61   3                      mcFocCtrl.State_Count   = CHARGE_TIME;
  62   3                      mcState                 = mcCharge;             // и·іе…ҘmcChargeзҠ¶жҖҒ
  63   3                      #else
                              mcFocCtrl.State_Count   = 10;
                              mcState = mcStart;
                              #endif
  67   3                  }
  68   2                  
  69   2                  break;
  70   2      
  71   2              #if (CHARGE_EN == Enable)   
  72   2              case mcCharge:
  73   2                  if (mcFaultSource != FaultNoSource)
  74   2                  {
  75   3                      mcState = mcFault;
  76   3                  }
  77   2                  else if (isCtrlPowOn == false)
  78   2                  {
  79   3                      mcState = mcStop;
  80   3                  }
  81   2                  else
  82   2                  {
  83   3                      Motor_Charge();
  84   3                      #if(IPMTEST ==Enable)
                              {;}
                              #else
  87   3                      if (mcFocCtrl.State_Count == 0)
  88   3                      {
  89   4                          MOE = 0;                              // е…ій—ӯиҫ“еҮә
  90   4                          DRV_CMR &= 0xFFC0;                    // й…ҚзҪ®е…ій—ӯ
  91   4                          mcState = mcStart;
  92   4                      }
  93   3                      #endif
  94   3                  }
  95   2                  
  96   2                  break;
  97   2              #endif
  98   2                  
  99   2              case mcStart:
 100   2              
 101   2                  // йқҷжӯўеҗҜеҠЁ
 102   2                  if (mcFocCtrl.State_Count == 0)
 103   2                  {
 104   3                      Motor_Static_Open();
 105   3                      mcState                     = mcRun;
 106   3                  }
 107   2                  
 108   2                  break;
 109   2                  
 110   2              case mcRun:
 111   2                  if (mcFaultSource != FaultNoSource)
 112   2                  {
 113   3                      mcState                 = mcFault;
 114   3                  }
C51 COMPILER V9.57.0.0   MOTORCONTROL                                                      06/29/2026 21:31:45 PAGE 3   

 115   2                  else if (isCtrlPowOn == false)
 116   2                  {
 117   3                      mcState                 = mcStop;
 118   3                      MotorControl.StopSet = 0;
 119   3                  }
 120   2                  else
 121   2                  {
 122   3                  }
 123   2                  
 124   2                  break;
 125   2                  
 126   2              case mcStop:
 127   2                  if (mcFaultSource != FaultNoSource)
 128   2                  {
 129   3                      mcState                 = mcFault;
 130   3                  }
 131   2                  else
 132   2                  {
 133   3                    
 134   3                      Motor_Stop();
 135   3                     
 136   3                  }
 137   2                  
 138   2                  break;
 139   2                  
 140   2              case mcBrake:
 141   2                  if (mcFaultSource != FaultNoSource)
 142   2                  {
 143   3                      mcState  = mcFault;
 144   3                  }
 145   2                  else if (mcFocCtrl.State_Count == 0)
 146   2                  {
 147   3                      MOE = 0;
 148   3                      ClrBit(DRV_CR, FOCEN);
 149   3                      mcState         = mcReady;
 150   3                  }
 151   2                  
 152   2                  break;
 153   2                  
 154   2              case mcFault:
 155   2                  if (mcFaultSource == FaultNoSource)   //дҝқжҠӨжё…йӣ¶еҗҺе…ій—ӯиҫ“еҮәпјҢиҪҜд»¶йҮҚж–°иҝҗиЎҢ
 156   2                  {
 157   3                      mcState   = mcReady;
 158   3                      MotorControl.FaultSet = 0;
 159   3                  }
 160   2                  else
 161   2                  {
 162   3                      ClrBit(DRV_CR, FOCEN);  //FOC Disable
 163   3                      MOE     = 0;
 164   3                      
 165   3                      if (MotorControl.FaultSet == 0)
 166   3                      {
 167   4                          if (MotorControl.StudyFinish)
 168   4                          {
 169   5                              MotorControl.Save_Flag  = 1;
 170   5                          }
 171   4                          
 172   4                          MotorControl.FaultSet = 1;
 173   4                      }
 174   3                  }
 175   2                  
 176   2                  break;
C51 COMPILER V9.57.0.0   MOTORCONTROL                                                      06/29/2026 21:31:45 PAGE 4   

 177   2                  
 178   2              default:
 179   2                  mcState   = mcReady;
 180   2                  break;
 181   2          }
 182   1      }
 183          


MODULE INFORMATION:   STATIC OVERLAYABLE
   CODE SIZE        =    289    ----
   CONSTANT SIZE    =   ----    ----
   XDATA SIZE       =      1    ----
   PDATA SIZE       =   ----    ----
   DATA SIZE        =      1    ----
   IDATA SIZE       =   ----    ----
   BIT SIZE         =   ----    ----
   EDATA SIZE       =   ----    ----
   HDATA SIZE       =   ----    ----
   XDATA CONST SIZE =   ----    ----
   FAR CONST SIZE   =   ----    ----
END OF MODULE INFORMATION.


C51 COMPILATION COMPLETE.  0 WARNING(S),  0 ERROR(S)
