C51 COMPILER V9.57.0.0   PIINIT                                                            06/25/2026 14:57:19 PAGE 1   


C51 COMPILER V9.57.0.0, COMPILATION OF MODULE PIINIT
OBJECT MODULE PLACED IN .\Output\PIInit.obj
COMPILER INVOKED BY: E:\05KeilC51\C51\BIN\C51.EXE ..\User\source\Hardware\PIInit.c LARGE OMF2 OPTIMIZE(9,SIZE) BROWSE IN
                    -CDIR(..\User\include;..\FU68xx_Hardware_Driver\Include;.\Components) DEBUG PRINT(.\Listings\PIInit.lst) TABS(2) OBJECT(.
                    -\Output\PIInit.obj)

line level    source

   1          /**
   2           * @copyright (C) COPYRIGHT 2022 Fortiortech Shenzhen
   3           * @file      xxx.c
   4           * @author    Fortiortech  Appliction Team
   5           * @since     Create:2022-08-05
   6           * @date      Last modify:2022-08-05
   7           * @note      Last modify author is Leo.li
   8           * @brief
   9           */
  10           
  11          /* Includes -------------------------------------------------------------------------------------*/
  12          #include <MyProject.h>
  13          
  14          
  15          
  16          
  17          /** 
  18           * @brief        PI初始化
  19           * @date         2022-09-13
  20           */
  21          void PI_Init(void)
  22          {
  23   1          PI1_KP          = SKP;
  24   1          PI1_KI          = SKI;
  25   1          PI1_EK1         =0;
  26   1          PI1_EK          =0;
  27   1          PI1_UKH         =0;
  28   1          PI1_UKL         =0;
  29   1          PI1_UKMAX       = SOUTMAX;
  30   1          PI1_UKMIN       = SOUTMIN;
  31   1      }
  32          
  33          /** 
  34           * @brief        PI3初始化
  35           * @date         2022-09-13
  36           */
  37          void PI3_Init(void)
  38          {
  39   1          PI3_KP = _Q12(3.0);
  40   1          PI3_KI = _Q15(0.1);
  41   1          PI3_KD = 0;
  42   1          PI3_EK1 = 0;
  43   1          PI3_EK2 = 0;
  44   1          PI3_UKMAX = QOUTMAX;
  45   1          PI3_UKMIN = _Q15(0.4);
  46   1          PI3_UKH = 0;  
  47   1      }


MODULE INFORMATION:   STATIC OVERLAYABLE
   CODE SIZE        =    113    ----
   CONSTANT SIZE    =   ----    ----
   XDATA SIZE       =   ----    ----
C51 COMPILER V9.57.0.0   PIINIT                                                            06/25/2026 14:57:19 PAGE 2   

   PDATA SIZE       =   ----    ----
   DATA SIZE        =   ----    ----
   IDATA SIZE       =   ----    ----
   BIT SIZE         =   ----    ----
   EDATA SIZE       =   ----    ----
   HDATA SIZE       =   ----    ----
   XDATA CONST SIZE =   ----    ----
   FAR CONST SIZE   =   ----    ----
END OF MODULE INFORMATION.


C51 COMPILATION COMPLETE.  0 WARNING(S),  0 ERROR(S)
