C51 COMPILER V9.57.0.0   SEATFUN                                                           06/29/2026 21:31:45 PAGE 1   


C51 COMPILER V9.57.0.0, COMPILATION OF MODULE SEATFUN
OBJECT MODULE PLACED IN .\Output\SeatFun.obj
COMPILER INVOKED BY: E:\05KeilC51\C51\BIN\C51.EXE ..\User\source\Function\SeatFun.c LARGE OMF2 OPTIMIZE(9,SIZE) BROWSE I
                    -NCDIR(..\User\include;..\FU68xx_Hardware_Driver\Include;.\Components) DEBUG PRINT(.\Listings\SeatFun.lst) TABS(2) OBJECT
                    -(.\Output\SeatFun.obj)

line level    source

   1          
   2          #include <Myproject.h>
   3          MotorControlTypeDef xdata MotorControl;
   4          Memorytic xdata Memorytic_Data;
   5          
   6          SeatLinDataTypeDef xdata SeatLinData;
   7          SeatCtlTypeDef xdata SeatCtl;
   8          RearVerticalTypeDef xdata RearVertical;
   9          ReclineTypeDef xdata Recline;
  10          ShoulderTypeDef xdata Shoulder;
  11          LegrestRotateTypeDef xdata LegrestRotate;
  12          
  13          
  14          void  Memorymode(void)
  15          {
  16   1          // if (MotorControl.HallTimesForPosition < MotorControl.Momory_Cycle - 10)
  17   1          // {
  18   1          //     isCtrlPowOn         = true;
  19   1          //     mcFocCtrl.FR        = 1;
  20   1              
  21   1          //     if (MotorControl.HallTimesForPosition < MotorControl.Momory_Cycle - 300)
  22   1          //     {
  23   1          //         mcFocCtrl.Ref       = MOTOR_SPEED_MAX_RPM;
  24   1          //     }
  25   1          //     else
  26   1          //     {
  27   1          //         mcFocCtrl.Ref       = MOTOR_SPEED_STOP_RPM;
  28   1          //     }
  29   1          // }
  30   1          // else  if (MotorControl.HallTimesForPosition > MotorControl.Momory_Cycle + 10)
  31   1          // {
  32   1          //     isCtrlPowOn         = true;
  33   1          //     mcFocCtrl.FR        = 0;
  34   1              
  35   1          //     if (MotorControl.HallTimesForPosition > MotorControl.Momory_Cycle + 300)
  36   1          //     {
  37   1          //         mcFocCtrl.Ref       = MOTOR_SPEED_MAX_RPM;
  38   1          //     }
  39   1          //     else
  40   1          //     {
  41   1          //         mcFocCtrl.Ref       = MOTOR_SPEED_STOP_RPM;
  42   1          //     }
  43   1          // }
  44   1          // else
  45   1          // {
  46   1          //     MotorControl.DoMomory_flag = 0;
  47   1          //     isCtrlPowOn         = false;
  48   1          //     mcFocCtrl.Ref       = 0;
  49   1          // }
  50   1      }
  51          
  52          void AutoMode(void)
  53          {
C51 COMPILER V9.57.0.0   SEATFUN                                                           06/29/2026 21:31:45 PAGE 2   

  54   1          // #if (MotorMode==PA_SwivelChassis)
  55   1          // {
  56   1          //     MotorControl.HALLErrorCnt = 5;
  57   1          // }
  58   1          // #else
  59   1          // {
  60   1          //     MotorControl.HALLErrorCnt = 72;
  61   1          // }
  62   1          // #endif
  63   1          
  64   1          // if ((MotorControl.HallTimesForPosition + MotorControl.HALLErrorCnt) < MotorControl.Auto_Cyle)
  65   1          // {
  66   1          //     isCtrlPowOn         = true;
  67   1              
  68   1          //     if ((MotorControl.HallTimesForPosition  + 300) < MotorControl.Auto_Cyle)
  69   1          //     {
  70   1          //         if (SeatCtl.SpeedMode)
  71   1          //         {
  72   1          //             mcFocCtrl.Ref = SPEED_FAST_RPM;
  73   1          //         }
  74   1          //         else
  75   1          //         {
  76   1          //             mcFocCtrl.Ref = SPEED_SLOW_RPM;
  77   1          //         }
  78   1          //     }
  79   1          //     else
  80   1          //     {
  81   1          //         mcFocCtrl.Ref       = MOTOR_SPEED_STOP_RPM;
  82   1          //     }
  83   1          // }
  84   1          // else  if (MotorControl.HallTimesForPosition > MotorControl.Auto_Cyle + MotorControl.HALLErrorCnt)
  85   1          // {
  86   1          //     isCtrlPowOn         = true;
  87   1              
  88   1          //     if (MotorControl.HallTimesForPosition > (MotorControl.Auto_Cyle + 300))
  89   1          //     {
  90   1          //         if (SeatCtl.SpeedMode)
  91   1          //         {
  92   1          //             mcFocCtrl.Ref = SPEED_FAST_RPM;
  93   1          //         }
  94   1          //         else
  95   1          //         {
  96   1          //             mcFocCtrl.Ref = SPEED_SLOW_RPM;
  97   1          //         }
  98   1          //     }
  99   1          //     else
 100   1          //     {
 101   1          //         mcFocCtrl.Ref       = MOTOR_SPEED_STOP_RPM;
 102   1          //     }
 103   1          // }
 104   1          // else
 105   1          // {
 106   1          //     //MotorControl.DoMomory_flag = 0;
 107   1          //     isCtrlPowOn         = false;
 108   1          //     mcFocCtrl.Ref       = 0;
 109   1          // }
 110   1      }
 111          
 112          
 113          
 114          
 115          /*  еӯҰд№ зҠ¶жҖҒж Үеҝ—дҪҚMotorControl.StudyStatus
C51 COMPILER V9.57.0.0   SEATFUN                                                           06/29/2026 21:31:45 PAGE 3   

 116              mcFocCtrl.FR=1; дёәжӯЈиҪ¬
 117              mcFocCtrl.FR=0; дёәеҸҚиҪ¬
 118          */
 119          void Studymode(void)
 120          {
 121   1          // switch (MotorControl.StudyStatus)
 122   1          // {
 123   1          //     case 0:
 124   1          //         MotorControl.StudyFinish = 0;
 125   1          //         MotorControl.CycleSet = 0;
 126   1          //         MotorControl.CycleTotal = 0;
 127   1          //         MotorControl.Memory_flag = 0;//и®°еҝҶж Үеҝ—дҪҚжё…йӣ¶
 128   1          //         MotorControl.DoMomory_flag  = 0;
 129   1          //         MotorControl.Momory_Cycle = 0;
 130   1          //         MotorControl.StudyStatus = 1;
 131   1          //         break;
 132   1                  
 133   1          //     case 1:
 134   1          //         isCtrlPowOn = true;
 135   1          //         mcFocCtrl.FR = 1;
 136   1          //         mcFocCtrl.Ref = SPEED_SLOW_RPM;
 137   1                  
 138   1          //         if ((mcFaultSource == FaultStall) || (mcFaultSource == FaultHardOVCurrent) || (mcFaultSourc
             -e == FaultUnderVoltageDC))
 139   1          //         {
 140   1          //             MotorControl.StudyStatus = 2;
 141   1          //             MotorControl.StateTimeCount = 1000;
 142   1          //         }
 143   1                  
 144   1          //         break;
 145   1                  
 146   1          //     case 2:
 147   1          //         isCtrlPowOn = false;
 148   1          //         mcFocCtrl.Ref = 0;
 149   1          //         MotorControl.HallTimesForISDN = 0; //ејҖе§Ӣи®°еҪ•иө·е§ӢдҪҚзҪ®
 150   1                  
 151   1          //         if (MotorControl.StateTimeCount == 0)//е»¶ж—¶еҗҺжүҚеҸҚж–№еҗ‘иҝҗиЎҢ
 152   1          //         {
 153   1          //             MotorControl.StudyStatus = 3;
 154   1          //         }
 155   1                  
 156   1          //         break;
 157   1                  
 158   1          //     case 3:
 159   1          //         isCtrlPowOn = true;
 160   1          //         mcFocCtrl.FR = 0;
 161   1          //         mcFocCtrl.Ref = SPEED_SLOW_RPM;
 162   1                  
 163   1          //         if ((mcFaultSource == FaultStall) || (mcFaultSource == FaultHardOVCurrent) || (mcFaultSourc
             -e == FaultUnderVoltageDC))
 164   1          //         {
 165   1          //             MotorControl.StudyStatus = 4;
 166   1          //             MotorControl.StateTimeCount = 1000;
 167   1          //         }
 168   1                  
 169   1          //         break;
 170   1                  
 171   1          //     case 4:
 172   1          //         MotorControl.CycleTotal =  MotorControl.HallTimesForISDN ; //з»“жқҹи®°еҪ•з»ҲзӮ№дҪҚзҪ®пјҢжҖ»
             -иЎҢзЁӢеңҲж•°
 173   1          //         MotorControl.CycleSet = MotorControl.CycleTotal >> 1; //еҚҠиЎҢзЁӢеңҲж•°
 174   1          //         isCtrlPowOn = false;
C51 COMPILER V9.57.0.0   SEATFUN                                                           06/29/2026 21:31:45 PAGE 4   

 175   1          //         mcFocCtrl.Ref = 0;
 176   1          //         #if (MotorMode==PA_SwivelChassis)
 177   1          //         {
 178   1          //             MotorControl.CycleTotalSolft1 = 0;
 179   1          //             MotorControl.CycleTotalSolft2 = MotorControl.CycleTotal;
 180   1          //         }
 181   1          //         #else
 182   1          //         {
 183   1          //             MotorControl.CycleTotalSolft1 = MotorControl.CycleTotal * 0.07;
 184   1          //             MotorControl.CycleTotalSolft2 = MotorControl.CycleTotal * 0.93;
 185   1          //         }
 186   1          //         #endif
 187   1                  
 188   1          //         if (MotorControl.StateTimeCount == 0) //е»¶ж—¶еҗҺжүҚеҗ‘дёӯй—ҙдҪҚзҪ®иҝҗиЎҢ
 189   1          //         {
 190   1          //             MotorControl.StudyStatus = 5;
 191   1          //             MotorControl.HallTimesForPosition = 0;
 192   1          //         }
 193   1                  
 194   1          //         break;
 195   1                  
 196   1          //     case 5:
 197   1          //         isCtrlPowOn = true;
 198   1          //         mcFocCtrl.FR = 1;
 199   1          //         mcFocCtrl.Ref = SPEED_SLOW_RPM;
 200   1                  
 201   1          //         if ((MotorControl.HallTimesForPosition > MotorControl.CycleSet - 5) && (MotorControl.HallTi
             -mesForPosition < MotorControl.CycleSet + 5))
 202   1          //         {
 203   1          //             MotorControl.StudyStatus = 6;
 204   1          //         }
 205   1                  
 206   1          //         break;
 207   1                  
 208   1          //     case 6:
 209   1          //         isCtrlPowOn = false;   //иҮӘеӯҰд№ е®ҢпјҢеңЁдёӯй—ҙдҪҚзҪ®еҒңжңә
 210   1          //         mcFocCtrl.Ref = 0;
 211   1          //         MotorControl.Study_flag = 0;
 212   1          //         MotorControl.StudyFinish = 1;
 213   1          //         MotorControl.StudyStatus = 0;
 214   1          //         SeatLinData.MoveModeCtrl = 0xff;//жӯӨж¬Ўжё…йӣ¶зҡ„зӣ®зҡ„жҳҜпјҢиҮӘеӯҰд№ е®ҢжҲҗеҗҺпјҢйҮҚж–°еҸ‘
             -иҮӘеҠЁи°ғиҠӮжҢҮд»ӨжүҚе“Қеә”гҖӮ
 215   1          //         break;
 216   1                  
 217   1          //     default:
 218   1          //         break;
 219   1          // }
 220   1      }
 221          
 222          void MotorSet(void)
 223          {
 224   1          // #if (MotorMode == DR_RearVertical)
 225   1          // {
 226   1          //     if (SeatLinData.MotorSetNum == 0x01)
 227   1          //     {
 228   1          //         SeatCtl.MotorResetCtl = SeatLinData.MotorResetCtl;
 229   1          //     }
 230   1          //     else
 231   1          //     {
 232   1          //         SeatCtl.MotorResetCtl = 0xff;
 233   1          //     }
 234   1          // }
C51 COMPILER V9.57.0.0   SEATFUN                                                           06/29/2026 21:31:45 PAGE 5   

 235   1          // #elif (MotorMode == DR_Recline)
 236   1          // {
 237   1          //     if (SeatLinData.MotorSetNum == 0x03)
 238   1          //     {
 239   1          //         SeatCtl.MotorResetCtl = SeatLinData.MotorResetCtl;
 240   1          //     }
 241   1          //     else
 242   1          //     {
 243   1          //         SeatCtl.MotorResetCtl = 0xff;
 244   1          //     }
 245   1          // }
 246   1          // #elif (MotorMode == DR_Shoulder)
 247   1          // {
 248   1          //     if (SeatLinData.MotorSetNum == 0x04)
 249   1          //     {
 250   1          //         SeatCtl.MotorResetCtl = SeatLinData.MotorResetCtl;
 251   1          //     }
 252   1          //     else
 253   1          //     {
 254   1          //         SeatCtl.MotorResetCtl = 0xff;
 255   1          //     }
 256   1          // }
 257   1          // #elif (MotorMode == DR_LegrestRotate)
 258   1          // {
 259   1          //     if (SeatLinData.MotorSetNum == 0x05)
 260   1          //     {
 261   1          //         SeatCtl.MotorResetCtl = SeatLinData.MotorResetCtl;
 262   1          //     }
 263   1          //     else
 264   1          //     {
 265   1          //         SeatCtl.MotorResetCtl = 0xff;
 266   1          //     }
 267   1          // }
 268   1          // #elif (MotorMode == PA_Tilt)
 269   1          // {
 270   1          //     if (SeatLinData.MotorSetNum == 0x02)
 271   1          //     {
 272   1          //         SeatCtl.MotorResetCtl = SeatLinData.MotorResetCtl;
 273   1          //     }
 274   1          //     else
 275   1          //     {
 276   1          //         SeatCtl.MotorResetCtl = 0xff;
 277   1          //     }
 278   1          // }
 279   1          // #elif (MotorMode == PA_ReclineCtrl)
 280   1          // {
 281   1          //     if (SeatLinData.MotorSetNum == 0x03)
 282   1          //     {
 283   1          //         SeatCtl.MotorResetCtl = SeatLinData.MotorResetCtl;
 284   1          //     }
 285   1          //     else
 286   1          //     {
 287   1          //         SeatCtl.MotorResetCtl = 0xff;
 288   1          //     }
 289   1          // }
 290   1          // #elif (MotorMode == PA_Shoulder)
 291   1          // {
 292   1          //     if (SeatLinData.MotorSetNum == 0x04)
 293   1          //     {
 294   1          //         SeatCtl.MotorResetCtl = SeatLinData.MotorResetCtl;
 295   1          //     }
 296   1          //     else
C51 COMPILER V9.57.0.0   SEATFUN                                                           06/29/2026 21:31:45 PAGE 6   

 297   1          //     {
 298   1          //         SeatCtl.MotorResetCtl = 0xff;
 299   1          //     }
 300   1          // }
 301   1          // #elif (MotorMode == PA_LegrestRotate)
 302   1          // {
 303   1          //     if (SeatLinData.MotorSetNum == 0x05)
 304   1          //     {
 305   1          //         SeatCtl.MotorResetCtl = SeatLinData.MotorResetCtl;
 306   1          //     }
 307   1          //     else
 308   1          //     {
 309   1          //         SeatCtl.MotorResetCtl = 0xff;
 310   1          //     }
 311   1          // }
 312   1          // #elif (MotorMode == PA_SwivelChassis)
 313   1          // {
 314   1          //     if (SeatLinData.MotorSetNum == 0x07)
 315   1          //     {
 316   1          //         SeatCtl.MotorResetCtl = SeatLinData.MotorResetCtl;
 317   1          //     }
 318   1          //     else
 319   1          //     {
 320   1          //         SeatCtl.MotorResetCtl = 0xff;
 321   1          //     }
 322   1          // }
 323   1          // #elif (MotorMode==Rear_LSLegrestHeight)
 324   1          // {
 325   1          //     if (SeatLinData.MotorSetNum == 0x02)
 326   1          //     {
 327   1          //         SeatCtl.MotorResetCtl = SeatLinData.MotorResetCtl;
 328   1          //     }
 329   1          //     else
 330   1          //     {
 331   1          //         SeatCtl.MotorResetCtl = 0xff;
 332   1          //     }
 333   1          // }
 334   1          // #elif (MotorMode==Rear_LSLegrestAngle)
 335   1          // {
 336   1          //     if (SeatLinData.MotorSetNum == 0x04)
 337   1          //     {
 338   1          //         SeatCtl.MotorResetCtl = SeatLinData.MotorResetCtl;
 339   1          //     }
 340   1          //     else
 341   1          //     {
 342   1          //         SeatCtl.MotorResetCtl = 0xff;
 343   1          //     }
 344   1          // }
 345   1          // #elif (MotorMode==Rear_RSLegrestHeight)
 346   1          // {
 347   1          //     if (SeatLinData.MotorSetNum == 0x05)
 348   1          //     {
 349   1          //         SeatCtl.MotorResetCtl = SeatLinData.MotorResetCtl;
 350   1          //     }
 351   1          //     else
 352   1          //     {
 353   1          //         SeatCtl.MotorResetCtl = 0xff;
 354   1          //     }
 355   1          // }
 356   1          // #elif (MotorMode==Rear_RSLegrestAngle)
 357   1          // {
 358   1          //     if (SeatLinData.MotorSetNum == 0x07)
C51 COMPILER V9.57.0.0   SEATFUN                                                           06/29/2026 21:31:45 PAGE 7   

 359   1          //     {
 360   1          //         SeatCtl.MotorResetCtl = SeatLinData.MotorResetCtl;
 361   1          //     }
 362   1          //     else
 363   1          //     {
 364   1          //         SeatCtl.MotorResetCtl = 0xff;
 365   1          //     }
 366   1          // }
 367   1          // #endif
 368   1          
 369   1          // if ((SeatCtl.MotorResetCtl == 0x01) && (MotorControl.StudyFinish)) //жё…йӣ¶иҪҜжҢЎзӮ№дҝЎжҒҜ
 370   1          // {
 371   1          //     MotorControl.StudyStatus = 0;
 372   1          //     MotorControl.StudyFinish = 0;
 373   1          //     MotorControl.CycleSet = 0;
 374   1          //     MotorControl.CycleTotal = 0;
 375   1          //     MotorControl.CycleTotalSolft1 = 0;
 376   1          //     MotorControl.CycleTotalSolft2 = 0;
 377   1          // }
 378   1          // else if (SeatCtl.MotorResetCtl == 0x02) //иҮӘеӯҰд№ 
 379   1          // {
 380   1          //     SeatCtl.MoveMode_Last = SeatCtl.MoveMode;
 381   1              
 382   1          //     if (!MotorControl.Study_flag)
 383   1          //     {
 384   1          //         MotorControl.StudyStatus = 0;
 385   1          //         MotorControl.Study_flag = 1;
 386   1          //     }
 387   1          // }
 388   1          
 389   1          // SeatLinData.MotorResetCtl = 0;
 390   1          // SeatCtl.MotorResetCtl = 0;
 391   1      }
 392          
 393          void SoftPointDeal(void)
 394          {
 395   1          // #if (MotorMode==PA_SwivelChassis)
 396   1          // {
 397   1          //     MotorControl.HALLErrorCnt = 5;
 398   1          // }
 399   1          // #else
 400   1          // {
 401   1          //     MotorControl.HALLErrorCnt = 50;
 402   1          // }
 403   1          // #endif
 404   1          
 405   1          // if (MotorControl.StudyFinish)
 406   1          // {
 407   1          //     if (mcFocCtrl.FR)
 408   1          //     {
 409   1          //         if ((MotorControl.HallTimesForPosition + MotorControl.HALLErrorCnt) > MotorControl.CycleTot
             -alSolft2)
 410   1          //         {
 411   1          //             isCtrlPowOn = false;
 412   1          //         }
 413   1          //         else
 414   1          //         {
 415   1          //             isCtrlPowOn = true;
 416   1                      
 417   1          //             if ((MotorControl.HallTimesForPosition + 500) > MotorControl.CycleTotalSolft2)
 418   1          //             {
 419   1          //                 mcFocCtrl.Ref       = MOTOR_SPEED_STOP_RPM;
C51 COMPILER V9.57.0.0   SEATFUN                                                           06/29/2026 21:31:45 PAGE 8   

 420   1          //             }
 421   1          //             else
 422   1          //             {
 423   1          //                 mcFocCtrl.Ref =   mcFocCtrl.RefTemp;
 424   1          //             }
 425   1          //         }
 426   1          //     }
 427   1          //     else
 428   1          //     {
 429   1          //         if (MotorControl.HallTimesForPosition < (MotorControl.CycleTotalSolft1 + MotorControl.HALLE
             -rrorCnt))
 430   1          //         {
 431   1          //             isCtrlPowOn = false;
 432   1          //         }
 433   1          //         else
 434   1          //         {
 435   1          //             isCtrlPowOn = true;
 436   1                      
 437   1          //             if (MotorControl.HallTimesForPosition < (MotorControl.CycleTotalSolft1 + 500))
 438   1          //             {
 439   1          //                 mcFocCtrl.Ref       = MOTOR_SPEED_STOP_RPM;
 440   1          //             }
 441   1          //             else
 442   1          //             {
 443   1          //                 mcFocCtrl.Ref =   mcFocCtrl.RefTemp;
 444   1          //             }
 445   1          //         }
 446   1          //     }
 447   1          // }
 448   1          // else
 449   1          // {
 450   1          //     mcFocCtrl.Ref =   mcFocCtrl.RefTemp;
 451   1          //     isCtrlPowOn = true;
 452   1          // }
 453   1      }
 454          
 455          void RunMode(void)
 456          {
 457   1          // if ((SeatLinData.DR_ReceiveFlag) || (SeatLinData.PA_ReceiveFlag) || (SeatLinData.REAR_ReceiveFlag))
 458   1          // {
 459   1          //     SeatCtl.MoveMode_Last = SeatCtl.MoveMode;
 460   1          //     mcFocCtrl.FR_Last = mcFocCtrl.FR;
 461   1          //     SeatLinData.DR_ReceiveFlag  = 0;
 462   1          //     SeatLinData.PA_ReceiveFlag  = 0;
 463   1          //     SeatLinData.REAR_ReceiveFlag = 0;
 464   1              
 465   1          //     if ((SeatLinData.MoveModeCtrl == 0x65) || (SeatLinData.MoveModeCtrl == 0x66) || (SeatLinData.Mo
             -veModeCtrl == 0x67))
 466   1          //     {
 467   1          //         MotorControl.Study_flag = 0;//еҸ‘иҮӘеҠЁжҢҮд»Өж— ж•ҲпјҢе°ұдёҚз»ҲжӯўиҮӘеӯҰд№ иҝҮзЁӢгҖӮ
 468   1          //     }
 469   1          // }
 470   1          
 471   1          // if ((SeatLinData.MoveModeCtrl == 0x65) || (SeatLinData.MoveModeCtrl == 0x66)) //жүӢеҠЁжЁЎејҸ ,жүӢеҠ
             -ЁжҢҮд»ӨдјҡдёҖзӣҙеҸ‘гҖӮ
 472   1          // {
 473   1          //     SeatCtl.MoveMode = 0x01;
 474   1          // }
 475   1          // else if ((SeatLinData.MoveModeCtrl >= 0x00) && (SeatLinData.MoveModeCtrl < 0x65)) //иҮӘеҠЁжЁЎејҸпјҢ
             -дё»жҺ§еҸ‘3-5её§жҒўеӨҚ0xff
 476   1          // {
 477   1          //     if (MotorControl.StudyFinish)
C51 COMPILER V9.57.0.0   SEATFUN                                                           06/29/2026 21:31:45 PAGE 9   

 478   1          //     {
 479   1          //         SeatCtl.MoveMode = 0x02;
 480   1          //     }
 481   1          // }
 482   1          // else if (SeatLinData.MoveModeCtrl == 0x67)//еҒңжңә
 483   1          // {
 484   1          //     SeatCtl.MoveMode = 0x03;
 485   1          // }
 486   1          
 487   1          // //else if ((SeatLinData.MoveModeCtrl == 0xff) ||(((SeatLinData.MoveModeCtrl >= 0x08) && (SeatLinDat
             -a.MoveModeCtrl < 0xfe))))
 488   1          // //      {
 489   1          // //          SeatCtl.MoveMode = SeatCtl.MoveMode_Last;//ж— ж•ҲжҢҮд»Ө
 490   1          // //      }
 491   1          
 492   1          // if (MotorControl.Study_flag)
 493   1          // {
 494   1          //     SeatCtl.MoveMode = 0x04;
 495   1          // }
 496   1          
 497   1          // SeatCtl.SpeedMode = SeatLinData.SpeedMode;//еҝ«ж…ўйҖҹ
 498   1          
 499   1          // switch (SeatCtl.MoveMode)//йңҖиҖғиҷ‘еҮ з§ҚиҝҗеҠЁжЁЎејҸжқҘеӣһеҲҮжҚў
 500   1          // {
 501   1          //     case 0x01:
 502   1          //         if (SeatLinData.MoveModeCtrl == 0x65)
 503   1          //         {
 504   1          //             mcFocCtrl.FR  = CW;//0;//up
 505   1          //         }
 506   1          //         else if (SeatLinData.MoveModeCtrl == 0x66)
 507   1          //         {
 508   1          //             mcFocCtrl.FR  = CCW;//1;//down
 509   1          //         }
 510   1                  
 511   1          //         if (SeatCtl.SpeedMode)
 512   1          //         {
 513   1          //             mcFocCtrl.RefTemp = SPEED_FAST_RPM;
 514   1          //         }
 515   1          //         else
 516   1          //         {
 517   1          //             mcFocCtrl.RefTemp = SPEED_SLOW_RPM;
 518   1          //         }
 519   1                  
 520   1          //         if ((SeatCtl.MoveMode_Last == 0) || (SeatCtl.MoveMode_Last == 0x03))
 521   1          //         {
 522   1          //             SoftPointDeal();
 523   1          //         }
 524   1          //         else if ((SeatCtl.MoveMode_Last == 0x01) || (SeatCtl.MoveMode_Last == 0x02) || (SeatCtl.Mov
             -eMode_Last == 0x04))
 525   1          //         {
 526   1          //             if (mcFocCtrl.FR == mcFocCtrl.FR_Last)//еҗҢеҗ‘з»§з»ӯиҝҗиЎҢпјҢжҢүжӯӨйҖ»иҫ‘пјҢдёӨеё§жүӢеҠ
             -ЁпјҢisCtrlPowOn = true
 527   1          //             {
 528   1          //                 SoftPointDeal();
 529   1          //             }
 530   1          //             else//еҸҚеҗ‘еҒңжңәеҗҺеҸҚиҪ¬,иҝҷз§ҚйҖ»иҫ‘пјҢеңЁFRйў‘з№ҒеҲҮжҚўж—¶пјҢisCtrlPowOn = false;
 531   1          //             {
 532   1          //                 isCtrlPowOn = false;
 533   1          //                 mcFocCtrl.Ref = 0;
 534   1          //             }
 535   1                      
 536   1          //             if ((SeatCtl.MoveMode_Last == 0x04) && (MotorControl.StudyFinish == 0)) //MotorControl.
C51 COMPILER V9.57.0.0   SEATFUN                                                           06/29/2026 21:31:45 PAGE 10  

             -StudyFinish =еҗҺпјҢеҸ‘жүӢеҠЁжҢҮд»ӨдёҚеә”иҜҘжё…йҷӨиҮӘеӯҰд№ 
 537   1          //             {
 538   1          //                 MotorControl.CycleSet = 0;
 539   1          //                 MotorControl.CycleTotal = 0;
 540   1          //                 MotorControl.Memory_flag = 0;//и®°еҝҶж Үеҝ—дҪҚжё…йӣ¶
 541   1          //                 MotorControl.DoMomory_flag  = 0;
 542   1          //                 MotorControl.Momory_Cycle = 0;
 543   1          //                 MotorControl.StudyStatus = 0;
 544   1          //                 MotorControl.Study_flag = 0;
 545   1          //             }
 546   1          //         }
 547   1                  
 548   1          //         break;
 549   1                  
 550   1          //     case 0x02:
 551   1          //         if ((SeatLinData.MoveModeCtrl >= 0x00) && (SeatLinData.MoveModeCtrl < 0x65))
 552   1          //         {
 553   1          //             SeatCtl.MoveModeCtrl = SeatLinData.MoveModeCtrl;//дҪҚзҪ®зҷҫеҲҶжҜ”пјҢ0-100%
 554   1          //         }
 555   1                  
 556   1          //         MotorControl.Auto_Cyle_Cal = MotorControl.CycleTotalSolft2 - MotorControl.CycleTotalSolft1;
 557   1          //         MotorControl.Auto_Cyle = ((uint16)(((uint32)(MotorControl.Auto_Cyle_Cal) * SeatCtl.MoveMode
             -Ctrl) / 100)) + MotorControl.CycleTotalSolft1;
 558   1                  
 559   1          //         if (MotorControl.HallTimesForPosition < MotorControl.Auto_Cyle)//дҪҚзҪ®жЁЎејҸдёӢпјҢеҒңзҡ„дҪ
             -ҚзҪ®и®ҫзҪ®дёәжӯЈиҙҹ10дёӘHALLгҖӮжүҖд»ҘеҲ°дҪҚзҪ®еҒңжңәж—¶пјҢFR =0;FR=1;йғҪжңүеҸҜиғҪ
 560   1          //         {
 561   1          //             mcFocCtrl.FR     = 1;
 562   1          //         }
 563   1          //         else
 564   1          //         {
 565   1          //             mcFocCtrl.FR     = 0;
 566   1          //         }
 567   1                  
 568   1          //         if ((SeatCtl.MoveMode_Last == 0x01) || (SeatCtl.MoveMode_Last == 0x02))
 569   1          //         {
 570   1          //             if (mcFocCtrl.FR == mcFocCtrl.FR_Last)//еҗҢеҗ‘з»§з»ӯиҝҗиЎҢ
 571   1          //             {
 572   1          //                 AutoMode();
 573   1          //             }
 574   1          //             else
 575   1          //             {
 576   1          //                 isCtrlPowOn = false;
 577   1          //                 mcFocCtrl.Ref = 0;
 578   1          //             }
 579   1          //         }
 580   1          //         else if ((SeatCtl.MoveMode_Last == 0x03) || (SeatCtl.MoveMode_Last == 0) || (SeatCtl.MoveMo
             -de_Last == 0x04))
 581   1          //         {
 582   1          //             AutoMode();//SeatCtl.MoveMode=2,иҜҙжҳҺMotorControl.StudyFinish=1пјҢжӯӨеӨ„еҸҜзӣҙжҺҘжү§иЎ
             -ҢиҮӘеҠЁи°ғиҠӮ
 583   1          //         }
 584   1                  
 585   1          //         break;
 586   1                  
 587   1          //     case 0x03:
 588   1          //         isCtrlPowOn = false;
 589   1          //         mcFocCtrl.Ref  = 0;
 590   1          //         break;
 591   1                  
 592   1          //     case 0x04:
 593   1          //         if ((SeatCtl.MoveMode_Last == 0x03) || (SeatCtl.MoveMode_Last == 0) || (SeatCtl.MoveMode_La
C51 COMPILER V9.57.0.0   SEATFUN                                                           06/29/2026 21:31:45 PAGE 11  

             -st == 0x04))
 594   1          //         {
 595   1          //             if (MotorControl.Study_flag)
 596   1          //             {
 597   1          //                 Studymode();
 598   1          //             }
 599   1          //         }
 600   1          //         else if ((SeatCtl.MoveMode_Last == 0x01) || (SeatCtl.MoveMode_Last == 0x02))
 601   1          //         {
 602   1          //             MotorControl.StudyStatus = 0;
 603   1          //             isCtrlPowOn = false;
 604   1          //             mcFocCtrl.Ref  = 0;
 605   1          //         }
 606   1                  
 607   1          //         break;
 608   1                  
 609   1          //     default:
 610   1          //         break;
 611   1          // }
 612   1      }
 613          
 614          void StateFeedback(void)
 615          {
 616   1          // if (MotorControl.StudyFinish)
 617   1          // {
 618   1          //     MotorControl.CycleTotalSolft = MotorControl.CycleTotalSolft2 - MotorControl.CycleTotalSolft1;
 619   1          //     MotorControl.CyclePosiDelt = MotorControl.HallTimesForPosition - MotorControl.CycleTotalSolft1;
 620   1              
 621   1          //     if (MotorControl.CyclePosiDelt < 0)
 622   1          //     {
 623   1          //         MotorControl.CyclePosiDelt = 0;
 624   1          //     }
 625   1              
 626   1          //     SeatCtl.Position = (uint8)(((uint32)(MotorControl.CyclePosiDelt) * 100) / MotorControl.CycleTot
             -alSolft);
 627   1              
 628   1          //     if (SeatCtl.Position > 100)
 629   1          //     {
 630   1          //         SeatCtl.Position = 100;
 631   1          //     }
 632   1              
 633   1          //     MotorControl.PosiDelt = MotorControl.HallTimesForPosition - MotorControl.Auto_Cyle;
 634   1              
 635   1          //     if (MotorControl.PosiDelt < 0)
 636   1          //     {
 637   1          //         MotorControl.PosiDelt = -MotorControl.PosiDelt;
 638   1          //     }
 639   1          // }
 640   1          // else
 641   1          // {
 642   1          //     SeatCtl.Position = 0xff;
 643   1          // }
 644   1          
 645   1          // if (mcState == mcRun)
 646   1          // {
 647   1          //     SeatCtl.RunSts = 0x01;
 648   1          // }
 649   1          // else
 650   1          // {
 651   1          //     SeatCtl.RunSts = 0;
 652   1          // }
 653   1          
C51 COMPILER V9.57.0.0   SEATFUN                                                           06/29/2026 21:31:45 PAGE 12  

 654   1          // if (mcFaultSource != FaultNoSource)
 655   1          // {
 656   1          //     SeatCtl.ErrSts = 0x01;
 657   1          // }
 658   1          // else
 659   1          // {
 660   1          //     SeatCtl.ErrSts = 0;
 661   1          // }
 662   1          
 663   1          // SeatLinData.Position_Percent = SeatCtl.Position;
 664   1          // SeatLinData.RunSts = SeatCtl.RunSts;
 665   1          // SeatLinData.ErrSts = SeatCtl.ErrSts;
 666   1      }
 667          
 668          void Save_DATA(void)
 669          {
 670   1      //    if (MotorControl.Save_Flag == 1)
 671   1      //    {
 672   1      //        MotorControl.Save_Flag = 0;
 673   1      //        Memorytic_Data.CycleTotal = MotorControl.CycleTotal;
 674   1      //        Memorytic_Data.Momory_Cycle = MotorControl.Momory_Cycle;
 675   1      //        Memorytic_Data.HallTimesForPosition = MotorControl.HallTimesForPosition;
 676   1      //        Memorytic_Data.aa = 0xAA;
 677   1      //        FlashWriteStatus = Write_Sector_Flash(USERCODEADDRESS, &Memorytic_Data);
 678   1      //    }
 679   1      }
 680          
 681          
 682          
 683          void SeatContrl(void)
 684          {
 685   1          // MotorSet(); //з”өжңәи®ҫзҪ®
 686   1          // RunMode(); //иҝҗеҠЁжЁЎејҸ
 687   1          // StateFeedback();//зҠ¶жҖҒеҸҚйҰҲ
 688   1          // Save_DATA();
 689   1          // AntiPinchFunction();//йҳІеӨ№
 690   1      }


MODULE INFORMATION:   STATIC OVERLAYABLE
   CODE SIZE        =      9    ----
   CONSTANT SIZE    =   ----    ----
   XDATA SIZE       =    117    ----
   PDATA SIZE       =   ----    ----
   DATA SIZE        =   ----    ----
   IDATA SIZE       =   ----    ----
   BIT SIZE         =   ----    ----
   EDATA SIZE       =   ----    ----
   HDATA SIZE       =   ----    ----
   XDATA CONST SIZE =   ----    ----
   FAR CONST SIZE   =   ----    ----
END OF MODULE INFORMATION.


C51 COMPILATION COMPLETE.  0 WARNING(S),  0 ERROR(S)
