C51 COMPILER V9.57.0.0   TIMER                                                             06/22/2026 16:14:00 PAGE 1   


C51 COMPILER V9.57.0.0, COMPILATION OF MODULE TIMER
OBJECT MODULE PLACED IN .\Output\TIMER.obj
COMPILER INVOKED BY: E:\05KeilC51\C51\BIN\C51.EXE ..\User\source\Hardware\TIMER.c LARGE OMF2 OPTIMIZE(9,SIZE) BROWSE INC
                    -DIR(..\User\include;..\FU68xx_Hardware_Driver\Include;.\Components) DEBUG PRINT(.\Listings\TIMER.lst) TABS(2) OBJECT(.\O
                    -utput\TIMER.obj)

line level    source

   1          /**
   2           * @copyright (C) COPYRIGHT 2022 Fortiortech Shenzhen
   3           * @file      xxx.c
   4           * @author    Fortiortech  Appliction Team
   5           * @since     Create:2022-08-05
   6           * @date      Last modify:2022-08-05
   7           * @note      Last modify author is Leo.li
   8           * @brief
   9           */
  10           
  11          #include <MyProject.h>
  12          
  13          #include <TIMER.h>
  14          
  15          void Timer1_Init(void)
  16          {
  17   1          
  18   1      }
  19          /*  Name     :   void Timer1_Init(void)
  20              /* Input    :   NO
  21              /* Output   :   NO
  22              /* Description: Timer1的参数设置
  23              /*---------------------------------------------------------------------------*/
  24          /* TIM1捕获中断定时器 */
  25          void TIM1_HALL_Init(void)
  26          {
  27   1          /* 禁用定时器 */
  28   1          ClrBit(TIM1_CR0, T1BCEN);
  29   1      
  30   1          /* 定时器分频 */
  31   1          SetReg(TIM1_CR3, T1PSC2 | T1PSC1 | T1PSC0, T1PSC2 |T1PSC1| T1PSC0);
  32   1          
  33   1        
  34   1          /* 基本定时器计数值及重载值 */
  35   1          TIM1__BARR  = TIM1_VALUE_LOAD;
  36   1          TIM1__BCNTR = 0;
  37   1      
  38   1          //CMP_CR4  FAEN 使能后，TIM1_CR3 的 T1INM 和 CMP_SAMR 的参数均扩大 4 倍
  39   1          //SetBit(CMP_CR4, FAEN);
  40   1          
  41   1        
  42   1        
  43   1          /* 输入源选择 */
  44   1          ClrBit(TIM1_CR3, T1TIS1);
  45   1          ClrBit(TIM1_CR3, T1TIS0);
  46   1          ClrBit(HALL_CR, HALLSEL);
  47   1          
  48   1            /* HALL输入滤波 */
  49   1          SetReg(TIM1_CR3, T1INM1 | T1INM0, T1INM1 | T1INM0);  // 96x41.67ns = 4us滤波时长。
  50   1        
  51   1          /* 触发极性 */
  52   1          SetBit(TIM1_DBR7, T1CPE2 | T1CPE1 | T1CPE0); // 三相双跳变沿
  53   1          
C51 COMPILER V9.57.0.0   TIMER                                                             06/22/2026 16:14:00 PAGE 2   

  54   1          TIM1_CR4 = 7;
  55   1            
  56   1          /* 设置事件复位源 */
  57   1          SetBit(TIM1_CR2, T1BRS);  // 位置检测复位
  58   1          TIM1_SR &= 0x00;
  59   1          ClrBit(TIM1_IER, T1ADIE);   // 禁止TIM1 AD检测中断   
  60   1          ClrBit(TIM1_IER, T1ROIE);   // 禁止TIM1重载定时器上溢中断
  61   1          ClrBit(TIM1_IER, T1WTIE);   // 禁止写入时序中断
  62   1              
  63   1          /* 开启位置检测中断 */
  64   1          SetBit(TIM1_IER, T1PDIE);  
  65   1       
  66   1          /*  开定时器上溢中断 */
  67   1          SetBit(TIM1_IER, T1BOIE);
  68   1          
  69   1          SetReg(IP1, PTIM10 | PTIM11, PTIM11|PTIM10);
  70   1          
  71   1          /* 使能定时器 */
  72   1          SetBit(TIM1_CR0, T1BCEN);
  73   1          ClrBit(IP1, PTIM11); /*中断优先级*/
  74   1          SetBit(IP1, PTIM10); /*中断优先级*/    
  75   1        
  76   1          /* 清除中断标志位 - 初始化 */
  77   1          ClrBit(TIM1_SR, T1BOIF | T1ROIF | T1WTIF | T1PDIF | T1BDIF);
  78   1          
  79   1      
  80   1      }
  81          
  82          
  83          /** 
  84           * @brief        Timer2初始化
  85           * @date         2022-09-13
  86           */
  87          void Timer2_Init(void)
  88          {
  89   1        SetBit(PH_SEL , T2SEL);     //P10
  90   1        SetBit(PH_SEL , T2SSEL);  //P07 
  91   1        ClrBit(TIM2_CR0 , T2PSC2);  //计数器时钟分频选择
  92   1        ClrBit(TIM2_CR0 , T2PSC1);  //000-->24M   001-->12M   010-->6M  011-->3M
  93   1        ClrBit(TIM2_CR0 , T2PSC0);  //100-->1.5M  101-->750K    110-->375K  111-->187.5K
  94   1        ClrBit(TIM2_CR0 , T2OCM);
  95   1        SetBit(TIM2_CR0 , T2IRE); //比较匹配中断/脉宽检测中断0-->Disable  1-->Enable
  96   1        ClrBit(TIM2_CR0 , T2CES); 
  97   1        
  98   1        ClrBit(TIM2_CR1 , T2IPE); //输入Timer PWM周期检测中断使能 0-->Disable  1-->Enable
  99   1        ClrBit(TIM2_CR1 , T2IFE); //计数器上溢中断使能 0-->Disable  1-->Enable
 100   1        ClrBit(TIM2_CR1 , T2FE);  //输入噪声滤波使能，小于4个时钟周期脉宽滤除
 101   1        ClrBit(TIM2_CR1 , T2DIR); //QEP&ISD&步进模式专用：当前的方向 0-->正向 1-->反向  
 102   1        
 103   1        TIM2__DR = 1200;
 104   1        TIM2__ARR = 2400;
 105   1          ClrBit(TIM2_CR0 , T2MOD1);  //00-->输入Timer模式        01-->输出模式
 106   1        SetBit(TIM2_CR0 , T2MOD0);  //10-->输入Counter模式      11-->QEP&ISD&步进模式
 107   1          SetBit(TIM2_CR1 , T2CEN); //TIM2使能  0-->Disable  1-->Enable
 108   1      }
 109          
 110          /*  -------------------------------------------------------------------------------------------------
 111              Function Name  : Time2_Hall_Init
 112              Description    : Hall翻转计时
 113              Date           : 2022-06-03
 114              Parameter      : None
 115              ------------------------------------------------------------------------------------------------- */
C51 COMPILER V9.57.0.0   TIMER                                                             06/22/2026 16:14:00 PAGE 3   

 116          void Time2_Hall_Init(void)
 117          {
 118   1        /*-------------------------------------------------------------------------------------------------
 119   1          先停止计数，配置完寄存器后，最后启动计数
 120   1          -------------------------------------------------------------------------------------------------*/
 121   1          ClrBit(TIM2_CR1, T2CEN); // 0，停止计数；1,使能计数
 122   1          /*-------------------------------------------------------------------------------------------------
 123   1          时钟分频设置(T2PSC)
 124   1          000:cpuclk(24MHz)         001:cpuclk/2^1(12MHz)   010:cpuclk/2^2(6MHz)    011:cpuclk/2^3(3MHz)
 125   1          100:cpuclk/2^4(1.5MHz)    101:cpuclk/2^5(750KHz)  110:cpuclk/2^6(375KHz)  111:cpuclk/2^7(187.5KHz)
 126   1          -------------------------------------------------------------------------------------------------*/
 127   1          SetReg(TIM2_CR0, T2PSC0 | T2PSC1 | T2PSC2, T2PSC0 | T2PSC1 | T2PSC2);
 128   1          /*-------------------------------------------------------------------------------------------------
 129   1          /模式选择
 130   1          T2MODE1，T2MODE0
 131   1          00--输入Timer模式；01--输出模式
 132   1          10--输入Count模式；11--QEP或者ISD模式
 133   1          -------------------------------------------------------------------------------------------------*/
 134   1          SetReg(TIM2_CR0, T2MOD0 | T2MOD1, T2MOD0);
 135   1          /*-------------------------------------------------------------------------------------------------
 136   1          清除中断标志位
 137   1          禁止PWM周期检测中断使能
 138   1          -------------------------------------------------------------------------------------------------*/
 139   1          ClrBit(TIM2_CR0, T2CES);                                // 清零脉冲计数器不使能
 140   1          ClrBit(TIM2_CR1, T2IR | T2IF | T2IP);                   // 清零中断标志位
 141   1          SetBit(TIM2_CR1, T2IFE);
 142   1          SetBit(IP1, PTIM21); /*中断优先级*/
 143   1          ClrBit(IP1, PTIM20); /*中断优先级*/                                  
 144   1          /*-------------------------------------------------------------------------------------------------
 145   1          配置周期值、比较值、计数值
 146   1          禁止PWM周期检测中断使能
 147   1          使能计数器上溢中断使能
 148   1          -------------------------------------------------------------------------------------------------*/
 149   1          TIM2__ARR  = TIM2_VALUE_LOAD;                                    // TIM2 Period = 0.32s
 150   1          TIM2__DR   = 20000;
 151   1          TIM2__CNTR = 0;
 152   1          /*-----------启动计数------------------------------------------------*/
 153   1          SetBit(TIM2_CR1, T2CEN);                                 //启动计数
 154   1      }
 155          
 156          
 157          
 158          /* -------------------------------------------------------------------------------------------------
 159              Function Name  : Timer3_Init
 160              Description    : 定时器3初始化
 161              Date           : 2021-11-08
 162              Parameter      : None
 163          ------------------------------------------------------------------------------------------------- */
 164          void Timer3_Init(void)
 165          {
 166   1        SetBit(PH_SEL , T3SEL);     //Timer3端口使能
 167   1          ClrBit(PH_SEL1 , T3CT0);     //默认端口为P11,功能转移后为P01,需TIMER4转移到P00
 168   1        
 169   1        ClrBit(TIM3_CR0 , T3PSC2);  //计数器时钟分频选择
 170   1        ClrBit(TIM3_CR0 , T3PSC1);  //000-->24M   001-->12M   010-->6M  011-->3M
 171   1        ClrBit(TIM3_CR0 , T3PSC0);  //100-->1.5M  101-->750K    110-->375K  111-->输入时为：48M
 172   1        
 173   1          ClrBit(TIM3_CR0 , T3OCM);
 174   1        ClrBit(TIM3_CR0 , T3IRE); //比较匹配中断/脉宽检测中断0-->Disable  1-->Enable
 175   1        ClrBit(TIM3_CR0 , T3OPM); //0-->计数器不停止    1-->单次模式  
 176   1        
 177   1        SetBit(TIM3_CR1 , T3IPE); //输入Timer PWM周期检测中断使能 0-->Disable  1-->Enable
C51 COMPILER V9.57.0.0   TIMER                                                             06/22/2026 16:14:00 PAGE 4   

 178   1        SetBit(TIM3_CR1 , T3IFE); //计数器上溢中断使能 0-->Disable  1-->Enable
 179   1        ClrBit(TIM3_CR1 , T3NM1); //输入噪声脉宽选择
 180   1        ClrBit(TIM3_CR1 , T3NM0); //00-->不滤波  01-->4cycles    10-->8cycles  11-->16cycles
 181   1        
 182   1      //  TIM3__DR = 1200;
 183   1      //  TIM3__ARR = 2400;
 184   1          ClrBit(TIM3_CR0 , T3MOD);   //0-->Timer模式       1-->输出模式
 185   1          SetBit(TIM3_CR1 , T3EN);    //TIM3使能    0-->Disable  1-->Enable
 186   1      }
 187          //void Timer4_Init(void)
 188          //{
 189          //    ClrBit(PH_SEL , T4SEL);     //Timer4端口使能
 190          //    ClrBit(PH_SEL1 , T4CT);     //默认端口为P11,功能转移后为P01,需TIMER4转移到P00
 191          
 192          //    ClrBit(TIM4_CR0 , T4PSC2);  //计数器时钟分频选择
 193          //    ClrBit(TIM4_CR0 , T4PSC1);  //000-->24M   001-->12M   010-->6M  011-->3M
 194          //    ClrBit(TIM4_CR0 , T4PSC0);  //100-->1.5M  101-->750K    110-->375K  111-->187.5K
 195          
 196          //    ClrBit(TIM4_CR0 , T4OCM);
 197          //    ClrBit(TIM4_CR0 , T4IRE); //比较匹配中断/脉宽检测中断0-->Disable  1-->Enable
 198          //    ClrBit(TIM4_CR0 , T4OPM); //0-->计数器不停止    1-->单次模式  
 199          
 200          //    ClrBit(TIM4_CR1 , T4IPE); //输入Timer PWM周期检测中断使能 0-->Disable  1-->Enable
 201          //    ClrBit(TIM4_CR1 , T4IFE); //计数器上溢中断使能 0-->Disable  1-->Enable
 202          //    ClrBit(TIM4_CR1 , T4NM1); //输入噪声脉宽选择
 203          //    ClrBit(TIM4_CR1 , T4NM0); //00-->不滤波  01-->4cycles    10-->8cycles  11-->16cycles
 204          
 205          //    TIM4__ARR = 4800;
 206          //    TIM4__DR = TIM4__ARR>>1 ;
 207          //    TIM4__CNTR = 1;
 208          
 209          //    PTIM41 = 1;
 210          //    PTIM40 = 1;
 211          //    SetBit(TIM4_CR0 , T4MOD);   //0-->Timer模式       1-->输出模式
 212          //    ClrBit(TIM4_CR1 , T4EN);    //TIM3使能    0-->Disable  1-->Enable
 213          //}
 214          void TIM4_Init_RF(void)
 215          {
 216   1      
 217   1      }


MODULE INFORMATION:   STATIC OVERLAYABLE
   CODE SIZE        =    315    ----
   CONSTANT SIZE    =   ----    ----
   XDATA SIZE       =   ----    ----
   PDATA SIZE       =   ----    ----
   DATA SIZE        =   ----    ----
   IDATA SIZE       =   ----    ----
   BIT SIZE         =   ----    ----
   EDATA SIZE       =   ----    ----
   HDATA SIZE       =   ----    ----
   XDATA CONST SIZE =   ----    ----
   FAR CONST SIZE   =   ----    ----
END OF MODULE INFORMATION.


C51 COMPILATION COMPLETE.  0 WARNING(S),  0 ERROR(S)
